{
  "stats": {
    "suites": 12,
    "tests": 610,
    "passes": 610,
    "pending": 0,
    "failures": 0,
    "start": "2019-01-29T10:39:49.785Z",
    "end": "2019-01-29T10:39:51.974Z",
    "duration": 2189,
    "testsRegistered": 610,
    "passPercent": 100,
    "pendingPercent": 0,
    "other": 0,
    "hasOther": false,
    "skipped": 0,
    "hasSkipped": false,
    "passPercentClass": "success",
    "pendingPercentClass": "danger"
  },
  "suites": {
    "uuid": "8961d0ed-785a-42ea-a08b-7fc3a860a805",
    "title": "",
    "fullFile": "",
    "file": "",
    "beforeHooks": [],
    "afterHooks": [],
    "tests": [],
    "suites": [
      {
        "uuid": "3022a6e7-9a2d-4be2-9ecb-37da12219d24",
        "title": "assert-hostname",
        "fullFile": "/home/travis/build/borenXue/eslint-plugin-lucky-monkey/tests/_index.js",
        "file": "/tests/_index.js",
        "beforeHooks": [],
        "afterHooks": [],
        "tests": [],
        "suites": [
          {
            "uuid": "c4079ff7-a41c-4f4e-a5a9-2aaf3f77ee6a",
            "title": "valid",
            "fullFile": "/home/travis/build/borenXue/eslint-plugin-lucky-monkey/tests/_index.js",
            "file": "/tests/_index.js",
            "beforeHooks": [],
            "afterHooks": [],
            "tests": [
              {
                "title": "var a = '//www.google.com/a/b/c/file.gif';",
                "fullTitle": "assert-hostname valid var a = '//www.google.com/a/b/c/file.gif';",
                "timedOut": false,
                "duration": 82,
                "state": "passed",
                "speed": "slow",
                "pass": true,
                "fail": false,
                "pending": false,
                "code": "testValidTemplate(valid);",
                "err": {},
                "isRoot": false,
                "uuid": "229c5a7d-d17a-4b39-9f7a-fab893275d2c",
                "isHook": false,
                "skipped": false
              },
              {
                "title": "var a = `//www.google.com/a/b/c/file.gif`;",
                "fullTitle": "assert-hostname valid var a = `//www.google.com/a/b/c/file.gif`;",
                "timedOut": false,
                "duration": 5,
                "state": "passed",
                "speed": "fast",
                "pass": true,
                "fail": false,
                "pending": false,
                "code": "testValidTemplate(valid);",
                "err": {},
                "isRoot": false,
                "uuid": "a20b69be-8a36-4717-afda-896b378ae7ed",
                "isHook": false,
                "skipped": false
              },
              {
                "title": "var a = '//www.google.com/a/b/c/file.gif#afdefgs';",
                "fullTitle": "assert-hostname valid var a = '//www.google.com/a/b/c/file.gif#afdefgs';",
                "timedOut": false,
                "duration": 2,
                "state": "passed",
                "speed": "fast",
                "pass": true,
                "fail": false,
                "pending": false,
                "code": "testValidTemplate(valid);",
                "err": {},
                "isRoot": false,
                "uuid": "2aa822f4-23dc-470e-9d00-f7c6ce774d61",
                "isHook": false,
                "skipped": false
              },
              {
                "title": "var a = `//www.google.com/a/b/c/file.gif#afdefgs`;",
                "fullTitle": "assert-hostname valid var a = `//www.google.com/a/b/c/file.gif#afdefgs`;",
                "timedOut": false,
                "duration": 2,
                "state": "passed",
                "speed": "fast",
                "pass": true,
                "fail": false,
                "pending": false,
                "code": "testValidTemplate(valid);",
                "err": {},
                "isRoot": false,
                "uuid": "3e189258-74df-4956-92dd-3d7cf7a51446",
                "isHook": false,
                "skipped": false
              },
              {
                "title": "var a = '//www.google.com/a/b/c/file.gif?xfdefg';",
                "fullTitle": "assert-hostname valid var a = '//www.google.com/a/b/c/file.gif?xfdefg';",
                "timedOut": false,
                "duration": 2,
                "state": "passed",
                "speed": "fast",
                "pass": true,
                "fail": false,
                "pending": false,
                "code": "testValidTemplate(valid);",
                "err": {},
                "isRoot": false,
                "uuid": "d267a43f-321c-4880-b161-6d5f2e614015",
                "isHook": false,
                "skipped": false
              },
              {
                "title": "var a = `//www.google.com/a/b/c/file.gif?xfdefg`;",
                "fullTitle": "assert-hostname valid var a = `//www.google.com/a/b/c/file.gif?xfdefg`;",
                "timedOut": false,
                "duration": 2,
                "state": "passed",
                "speed": "fast",
                "pass": true,
                "fail": false,
                "pending": false,
                "code": "testValidTemplate(valid);",
                "err": {},
                "isRoot": false,
                "uuid": "421b1896-1af9-4005-958e-a27eddf8e5c4",
                "isHook": false,
                "skipped": false
              },
              {
                "title": "var a = '//www.google.com/a/b/c/file.png';",
                "fullTitle": "assert-hostname valid var a = '//www.google.com/a/b/c/file.png';",
                "timedOut": false,
                "duration": 2,
                "state": "passed",
                "speed": "fast",
                "pass": true,
                "fail": false,
                "pending": false,
                "code": "testValidTemplate(valid);",
                "err": {},
                "isRoot": false,
                "uuid": "64a2812c-ae56-40e6-a1e6-77b9a8b1737a",
                "isHook": false,
                "skipped": false
              },
              {
                "title": "var a = `//www.google.com/a/b/c/file.png`;",
                "fullTitle": "assert-hostname valid var a = `//www.google.com/a/b/c/file.png`;",
                "timedOut": false,
                "duration": 2,
                "state": "passed",
                "speed": "fast",
                "pass": true,
                "fail": false,
                "pending": false,
                "code": "testValidTemplate(valid);",
                "err": {},
                "isRoot": false,
                "uuid": "c5e02589-506e-4d57-ba13-148a859d8d9a",
                "isHook": false,
                "skipped": false
              },
              {
                "title": "var a = '//www.google.com/a/b/c/file.png#afdefgs';",
                "fullTitle": "assert-hostname valid var a = '//www.google.com/a/b/c/file.png#afdefgs';",
                "timedOut": false,
                "duration": 2,
                "state": "passed",
                "speed": "fast",
                "pass": true,
                "fail": false,
                "pending": false,
                "code": "testValidTemplate(valid);",
                "err": {},
                "isRoot": false,
                "uuid": "7137a91a-10ce-4325-aa72-7c203f9f55c1",
                "isHook": false,
                "skipped": false
              },
              {
                "title": "var a = `//www.google.com/a/b/c/file.png#afdefgs`;",
                "fullTitle": "assert-hostname valid var a = `//www.google.com/a/b/c/file.png#afdefgs`;",
                "timedOut": false,
                "duration": 2,
                "state": "passed",
                "speed": "fast",
                "pass": true,
                "fail": false,
                "pending": false,
                "code": "testValidTemplate(valid);",
                "err": {},
                "isRoot": false,
                "uuid": "a3b511b0-4564-43db-a00d-a37d3c43be0e",
                "isHook": false,
                "skipped": false
              },
              {
                "title": "var a = '//www.google.com/a/b/c/file.png?xfdefg';",
                "fullTitle": "assert-hostname valid var a = '//www.google.com/a/b/c/file.png?xfdefg';",
                "timedOut": false,
                "duration": 2,
                "state": "passed",
                "speed": "fast",
                "pass": true,
                "fail": false,
                "pending": false,
                "code": "testValidTemplate(valid);",
                "err": {},
                "isRoot": false,
                "uuid": "9e76b618-b767-4b0d-97f1-4f77cce5f12c",
                "isHook": false,
                "skipped": false
              },
              {
                "title": "var a = `//www.google.com/a/b/c/file.png?xfdefg`;",
                "fullTitle": "assert-hostname valid var a = `//www.google.com/a/b/c/file.png?xfdefg`;",
                "timedOut": false,
                "duration": 1,
                "state": "passed",
                "speed": "fast",
                "pass": true,
                "fail": false,
                "pending": false,
                "code": "testValidTemplate(valid);",
                "err": {},
                "isRoot": false,
                "uuid": "0dd76927-7c57-48f7-975a-59673a643662",
                "isHook": false,
                "skipped": false
              },
              {
                "title": "var a = '//www.google.com/a/b/c/file.jpg';",
                "fullTitle": "assert-hostname valid var a = '//www.google.com/a/b/c/file.jpg';",
                "timedOut": false,
                "duration": 1,
                "state": "passed",
                "speed": "fast",
                "pass": true,
                "fail": false,
                "pending": false,
                "code": "testValidTemplate(valid);",
                "err": {},
                "isRoot": false,
                "uuid": "366246d2-eee0-41d9-866e-4be950494d56",
                "isHook": false,
                "skipped": false
              },
              {
                "title": "var a = `//www.google.com/a/b/c/file.jpg`;",
                "fullTitle": "assert-hostname valid var a = `//www.google.com/a/b/c/file.jpg`;",
                "timedOut": false,
                "duration": 2,
                "state": "passed",
                "speed": "fast",
                "pass": true,
                "fail": false,
                "pending": false,
                "code": "testValidTemplate(valid);",
                "err": {},
                "isRoot": false,
                "uuid": "16d32a99-6d90-4238-806b-c52f321c8dda",
                "isHook": false,
                "skipped": false
              },
              {
                "title": "var a = '//www.google.com/a/b/c/file.jpg#afdefgs';",
                "fullTitle": "assert-hostname valid var a = '//www.google.com/a/b/c/file.jpg#afdefgs';",
                "timedOut": false,
                "duration": 2,
                "state": "passed",
                "speed": "fast",
                "pass": true,
                "fail": false,
                "pending": false,
                "code": "testValidTemplate(valid);",
                "err": {},
                "isRoot": false,
                "uuid": "2043dcfb-335d-4b07-b1cf-2d1ec2442592",
                "isHook": false,
                "skipped": false
              },
              {
                "title": "var a = `//www.google.com/a/b/c/file.jpg#afdefgs`;",
                "fullTitle": "assert-hostname valid var a = `//www.google.com/a/b/c/file.jpg#afdefgs`;",
                "timedOut": false,
                "duration": 2,
                "state": "passed",
                "speed": "fast",
                "pass": true,
                "fail": false,
                "pending": false,
                "code": "testValidTemplate(valid);",
                "err": {},
                "isRoot": false,
                "uuid": "193e9fda-d331-4911-9fc1-33236383464c",
                "isHook": false,
                "skipped": false
              },
              {
                "title": "var a = '//www.google.com/a/b/c/file.jpg?xfdefg';",
                "fullTitle": "assert-hostname valid var a = '//www.google.com/a/b/c/file.jpg?xfdefg';",
                "timedOut": false,
                "duration": 2,
                "state": "passed",
                "speed": "fast",
                "pass": true,
                "fail": false,
                "pending": false,
                "code": "testValidTemplate(valid);",
                "err": {},
                "isRoot": false,
                "uuid": "49f6590a-a066-4f49-b2f1-7f9676459e53",
                "isHook": false,
                "skipped": false
              },
              {
                "title": "var a = `//www.google.com/a/b/c/file.jpg?xfdefg`;",
                "fullTitle": "assert-hostname valid var a = `//www.google.com/a/b/c/file.jpg?xfdefg`;",
                "timedOut": false,
                "duration": 2,
                "state": "passed",
                "speed": "fast",
                "pass": true,
                "fail": false,
                "pending": false,
                "code": "testValidTemplate(valid);",
                "err": {},
                "isRoot": false,
                "uuid": "f06cb612-a919-4c2e-9f84-2c150e3c1677",
                "isHook": false,
                "skipped": false
              },
              {
                "title": "var a = '//www.google.com/a/b/c/file.jpeg';",
                "fullTitle": "assert-hostname valid var a = '//www.google.com/a/b/c/file.jpeg';",
                "timedOut": false,
                "duration": 5,
                "state": "passed",
                "speed": "fast",
                "pass": true,
                "fail": false,
                "pending": false,
                "code": "testValidTemplate(valid);",
                "err": {},
                "isRoot": false,
                "uuid": "965826b0-ab3d-408f-9d2b-93cda4a94ef8",
                "isHook": false,
                "skipped": false
              },
              {
                "title": "var a = `//www.google.com/a/b/c/file.jpeg`;",
                "fullTitle": "assert-hostname valid var a = `//www.google.com/a/b/c/file.jpeg`;",
                "timedOut": false,
                "duration": 2,
                "state": "passed",
                "speed": "fast",
                "pass": true,
                "fail": false,
                "pending": false,
                "code": "testValidTemplate(valid);",
                "err": {},
                "isRoot": false,
                "uuid": "b018f6f1-53e7-430a-9024-f3b47d30d06b",
                "isHook": false,
                "skipped": false
              },
              {
                "title": "var a = '//www.google.com/a/b/c/file.jpeg#afdefgs';",
                "fullTitle": "assert-hostname valid var a = '//www.google.com/a/b/c/file.jpeg#afdefgs';",
                "timedOut": false,
                "duration": 2,
                "state": "passed",
                "speed": "fast",
                "pass": true,
                "fail": false,
                "pending": false,
                "code": "testValidTemplate(valid);",
                "err": {},
                "isRoot": false,
                "uuid": "2e8dca3d-148d-40f9-9fd9-10732f33e0c9",
                "isHook": false,
                "skipped": false
              },
              {
                "title": "var a = `//www.google.com/a/b/c/file.jpeg#afdefgs`;",
                "fullTitle": "assert-hostname valid var a = `//www.google.com/a/b/c/file.jpeg#afdefgs`;",
                "timedOut": false,
                "duration": 2,
                "state": "passed",
                "speed": "fast",
                "pass": true,
                "fail": false,
                "pending": false,
                "code": "testValidTemplate(valid);",
                "err": {},
                "isRoot": false,
                "uuid": "e028155d-a6db-4aa9-9764-dec1892c99c4",
                "isHook": false,
                "skipped": false
              },
              {
                "title": "var a = '//www.google.com/a/b/c/file.jpeg?xfdefg';",
                "fullTitle": "assert-hostname valid var a = '//www.google.com/a/b/c/file.jpeg?xfdefg';",
                "timedOut": false,
                "duration": 2,
                "state": "passed",
                "speed": "fast",
                "pass": true,
                "fail": false,
                "pending": false,
                "code": "testValidTemplate(valid);",
                "err": {},
                "isRoot": false,
                "uuid": "bbd2141d-d5d5-45d4-a2eb-19bd943565d0",
                "isHook": false,
                "skipped": false
              },
              {
                "title": "var a = `//www.google.com/a/b/c/file.jpeg?xfdefg`;",
                "fullTitle": "assert-hostname valid var a = `//www.google.com/a/b/c/file.jpeg?xfdefg`;",
                "timedOut": false,
                "duration": 2,
                "state": "passed",
                "speed": "fast",
                "pass": true,
                "fail": false,
                "pending": false,
                "code": "testValidTemplate(valid);",
                "err": {},
                "isRoot": false,
                "uuid": "deb05891-3a95-4f9d-a5aa-6a9793f13ae8",
                "isHook": false,
                "skipped": false
              },
              {
                "title": "var a = '//www.google.com/a/b/c/file.webp';",
                "fullTitle": "assert-hostname valid var a = '//www.google.com/a/b/c/file.webp';",
                "timedOut": false,
                "duration": 2,
                "state": "passed",
                "speed": "fast",
                "pass": true,
                "fail": false,
                "pending": false,
                "code": "testValidTemplate(valid);",
                "err": {},
                "isRoot": false,
                "uuid": "e0e92f94-a248-4d59-989f-fc338fee8c27",
                "isHook": false,
                "skipped": false
              },
              {
                "title": "var a = `//www.google.com/a/b/c/file.webp`;",
                "fullTitle": "assert-hostname valid var a = `//www.google.com/a/b/c/file.webp`;",
                "timedOut": false,
                "duration": 3,
                "state": "passed",
                "speed": "fast",
                "pass": true,
                "fail": false,
                "pending": false,
                "code": "testValidTemplate(valid);",
                "err": {},
                "isRoot": false,
                "uuid": "b3fb65fa-2f10-4651-b5e2-592f1d2da9b0",
                "isHook": false,
                "skipped": false
              },
              {
                "title": "var a = '//www.google.com/a/b/c/file.webp#afdefgs';",
                "fullTitle": "assert-hostname valid var a = '//www.google.com/a/b/c/file.webp#afdefgs';",
                "timedOut": false,
                "duration": 2,
                "state": "passed",
                "speed": "fast",
                "pass": true,
                "fail": false,
                "pending": false,
                "code": "testValidTemplate(valid);",
                "err": {},
                "isRoot": false,
                "uuid": "9489ceec-549e-4e49-a747-a6f5e804aec6",
                "isHook": false,
                "skipped": false
              },
              {
                "title": "var a = `//www.google.com/a/b/c/file.webp#afdefgs`;",
                "fullTitle": "assert-hostname valid var a = `//www.google.com/a/b/c/file.webp#afdefgs`;",
                "timedOut": false,
                "duration": 2,
                "state": "passed",
                "speed": "fast",
                "pass": true,
                "fail": false,
                "pending": false,
                "code": "testValidTemplate(valid);",
                "err": {},
                "isRoot": false,
                "uuid": "5db7b30b-ef8b-41ea-98d4-70d0ea5d772f",
                "isHook": false,
                "skipped": false
              },
              {
                "title": "var a = '//www.google.com/a/b/c/file.webp?xfdefg';",
                "fullTitle": "assert-hostname valid var a = '//www.google.com/a/b/c/file.webp?xfdefg';",
                "timedOut": false,
                "duration": 1,
                "state": "passed",
                "speed": "fast",
                "pass": true,
                "fail": false,
                "pending": false,
                "code": "testValidTemplate(valid);",
                "err": {},
                "isRoot": false,
                "uuid": "a7fc6073-459d-4dc6-8efe-022e616b210f",
                "isHook": false,
                "skipped": false
              },
              {
                "title": "var a = `//www.google.com/a/b/c/file.webp?xfdefg`;",
                "fullTitle": "assert-hostname valid var a = `//www.google.com/a/b/c/file.webp?xfdefg`;",
                "timedOut": false,
                "duration": 1,
                "state": "passed",
                "speed": "fast",
                "pass": true,
                "fail": false,
                "pending": false,
                "code": "testValidTemplate(valid);",
                "err": {},
                "isRoot": false,
                "uuid": "81fd82d0-83aa-4aba-a5d5-bf962a24287b",
                "isHook": false,
                "skipped": false
              },
              {
                "title": "var a = '//www.google.com/a/b/c/file.js';",
                "fullTitle": "assert-hostname valid var a = '//www.google.com/a/b/c/file.js';",
                "timedOut": false,
                "duration": 1,
                "state": "passed",
                "speed": "fast",
                "pass": true,
                "fail": false,
                "pending": false,
                "code": "testValidTemplate(valid);",
                "err": {},
                "isRoot": false,
                "uuid": "6b6d27da-fe53-4654-a592-66aa625ccd41",
                "isHook": false,
                "skipped": false
              },
              {
                "title": "var a = `//www.google.com/a/b/c/file.js`;",
                "fullTitle": "assert-hostname valid var a = `//www.google.com/a/b/c/file.js`;",
                "timedOut": false,
                "duration": 1,
                "state": "passed",
                "speed": "fast",
                "pass": true,
                "fail": false,
                "pending": false,
                "code": "testValidTemplate(valid);",
                "err": {},
                "isRoot": false,
                "uuid": "897bdab3-b37d-4308-b4c5-24440607fc1a",
                "isHook": false,
                "skipped": false
              },
              {
                "title": "var a = '//www.google.com/a/b/c/file.js#afdefgs';",
                "fullTitle": "assert-hostname valid var a = '//www.google.com/a/b/c/file.js#afdefgs';",
                "timedOut": false,
                "duration": 1,
                "state": "passed",
                "speed": "fast",
                "pass": true,
                "fail": false,
                "pending": false,
                "code": "testValidTemplate(valid);",
                "err": {},
                "isRoot": false,
                "uuid": "7015695a-6b0a-4d96-bd1e-d2993a719d0a",
                "isHook": false,
                "skipped": false
              },
              {
                "title": "var a = `//www.google.com/a/b/c/file.js#afdefgs`;",
                "fullTitle": "assert-hostname valid var a = `//www.google.com/a/b/c/file.js#afdefgs`;",
                "timedOut": false,
                "duration": 2,
                "state": "passed",
                "speed": "fast",
                "pass": true,
                "fail": false,
                "pending": false,
                "code": "testValidTemplate(valid);",
                "err": {},
                "isRoot": false,
                "uuid": "dd74d937-13e6-482f-93a3-ea7355c415ee",
                "isHook": false,
                "skipped": false
              },
              {
                "title": "var a = '//www.google.com/a/b/c/file.js?xfdefg';",
                "fullTitle": "assert-hostname valid var a = '//www.google.com/a/b/c/file.js?xfdefg';",
                "timedOut": false,
                "duration": 2,
                "state": "passed",
                "speed": "fast",
                "pass": true,
                "fail": false,
                "pending": false,
                "code": "testValidTemplate(valid);",
                "err": {},
                "isRoot": false,
                "uuid": "b814251c-b355-4a4d-bd0e-99a8c7b60f6d",
                "isHook": false,
                "skipped": false
              },
              {
                "title": "var a = `//www.google.com/a/b/c/file.js?xfdefg`;",
                "fullTitle": "assert-hostname valid var a = `//www.google.com/a/b/c/file.js?xfdefg`;",
                "timedOut": false,
                "duration": 2,
                "state": "passed",
                "speed": "fast",
                "pass": true,
                "fail": false,
                "pending": false,
                "code": "testValidTemplate(valid);",
                "err": {},
                "isRoot": false,
                "uuid": "e59dc9ad-e5ca-4f10-923f-292671a17c8d",
                "isHook": false,
                "skipped": false
              },
              {
                "title": "var a = '//www.google.com/a/b/c/file.css';",
                "fullTitle": "assert-hostname valid var a = '//www.google.com/a/b/c/file.css';",
                "timedOut": false,
                "duration": 5,
                "state": "passed",
                "speed": "fast",
                "pass": true,
                "fail": false,
                "pending": false,
                "code": "testValidTemplate(valid);",
                "err": {},
                "isRoot": false,
                "uuid": "543e908b-6bc8-4668-a56f-9b98020cae90",
                "isHook": false,
                "skipped": false
              },
              {
                "title": "var a = `//www.google.com/a/b/c/file.css`;",
                "fullTitle": "assert-hostname valid var a = `//www.google.com/a/b/c/file.css`;",
                "timedOut": false,
                "duration": 3,
                "state": "passed",
                "speed": "fast",
                "pass": true,
                "fail": false,
                "pending": false,
                "code": "testValidTemplate(valid);",
                "err": {},
                "isRoot": false,
                "uuid": "8e9d6566-512b-4897-ad77-a12fd200603a",
                "isHook": false,
                "skipped": false
              },
              {
                "title": "var a = '//www.google.com/a/b/c/file.css#afdefgs';",
                "fullTitle": "assert-hostname valid var a = '//www.google.com/a/b/c/file.css#afdefgs';",
                "timedOut": false,
                "duration": 2,
                "state": "passed",
                "speed": "fast",
                "pass": true,
                "fail": false,
                "pending": false,
                "code": "testValidTemplate(valid);",
                "err": {},
                "isRoot": false,
                "uuid": "57dc6596-f756-4ee3-9582-d240a4dd67c2",
                "isHook": false,
                "skipped": false
              },
              {
                "title": "var a = `//www.google.com/a/b/c/file.css#afdefgs`;",
                "fullTitle": "assert-hostname valid var a = `//www.google.com/a/b/c/file.css#afdefgs`;",
                "timedOut": false,
                "duration": 2,
                "state": "passed",
                "speed": "fast",
                "pass": true,
                "fail": false,
                "pending": false,
                "code": "testValidTemplate(valid);",
                "err": {},
                "isRoot": false,
                "uuid": "7c1fa260-e74b-42b7-b8eb-9e3f13d6b31d",
                "isHook": false,
                "skipped": false
              },
              {
                "title": "var a = '//www.google.com/a/b/c/file.css?xfdefg';",
                "fullTitle": "assert-hostname valid var a = '//www.google.com/a/b/c/file.css?xfdefg';",
                "timedOut": false,
                "duration": 2,
                "state": "passed",
                "speed": "fast",
                "pass": true,
                "fail": false,
                "pending": false,
                "code": "testValidTemplate(valid);",
                "err": {},
                "isRoot": false,
                "uuid": "4e1538fe-7713-4b19-9e64-41ab52c7769b",
                "isHook": false,
                "skipped": false
              },
              {
                "title": "var a = `//www.google.com/a/b/c/file.css?xfdefg`;",
                "fullTitle": "assert-hostname valid var a = `//www.google.com/a/b/c/file.css?xfdefg`;",
                "timedOut": false,
                "duration": 8,
                "state": "passed",
                "speed": "fast",
                "pass": true,
                "fail": false,
                "pending": false,
                "code": "testValidTemplate(valid);",
                "err": {},
                "isRoot": false,
                "uuid": "743366e5-428c-4d08-b555-4a4944750fd7",
                "isHook": false,
                "skipped": false
              },
              {
                "title": "var a = '//www.google.com/a/b/c/file.json';",
                "fullTitle": "assert-hostname valid var a = '//www.google.com/a/b/c/file.json';",
                "timedOut": false,
                "duration": 2,
                "state": "passed",
                "speed": "fast",
                "pass": true,
                "fail": false,
                "pending": false,
                "code": "testValidTemplate(valid);",
                "err": {},
                "isRoot": false,
                "uuid": "5b3ab715-41ef-4d53-87bb-b634d122d805",
                "isHook": false,
                "skipped": false
              },
              {
                "title": "var a = `//www.google.com/a/b/c/file.json`;",
                "fullTitle": "assert-hostname valid var a = `//www.google.com/a/b/c/file.json`;",
                "timedOut": false,
                "duration": 2,
                "state": "passed",
                "speed": "fast",
                "pass": true,
                "fail": false,
                "pending": false,
                "code": "testValidTemplate(valid);",
                "err": {},
                "isRoot": false,
                "uuid": "885802e2-065f-4d3a-864c-31bbdeddc723",
                "isHook": false,
                "skipped": false
              },
              {
                "title": "var a = '//www.google.com/a/b/c/file.json#afdefgs';",
                "fullTitle": "assert-hostname valid var a = '//www.google.com/a/b/c/file.json#afdefgs';",
                "timedOut": false,
                "duration": 2,
                "state": "passed",
                "speed": "fast",
                "pass": true,
                "fail": false,
                "pending": false,
                "code": "testValidTemplate(valid);",
                "err": {},
                "isRoot": false,
                "uuid": "c538414e-6c83-4262-996c-a243d5e57a41",
                "isHook": false,
                "skipped": false
              },
              {
                "title": "var a = `//www.google.com/a/b/c/file.json#afdefgs`;",
                "fullTitle": "assert-hostname valid var a = `//www.google.com/a/b/c/file.json#afdefgs`;",
                "timedOut": false,
                "duration": 3,
                "state": "passed",
                "speed": "fast",
                "pass": true,
                "fail": false,
                "pending": false,
                "code": "testValidTemplate(valid);",
                "err": {},
                "isRoot": false,
                "uuid": "28b1ddad-a70f-4df6-8f32-d2a4ba52ef91",
                "isHook": false,
                "skipped": false
              },
              {
                "title": "var a = '//www.google.com/a/b/c/file.json?xfdefg';",
                "fullTitle": "assert-hostname valid var a = '//www.google.com/a/b/c/file.json?xfdefg';",
                "timedOut": false,
                "duration": 1,
                "state": "passed",
                "speed": "fast",
                "pass": true,
                "fail": false,
                "pending": false,
                "code": "testValidTemplate(valid);",
                "err": {},
                "isRoot": false,
                "uuid": "a3458722-41a5-4fd0-9fe4-844c4c8490f2",
                "isHook": false,
                "skipped": false
              },
              {
                "title": "var a = `//www.google.com/a/b/c/file.json?xfdefg`;",
                "fullTitle": "assert-hostname valid var a = `//www.google.com/a/b/c/file.json?xfdefg`;",
                "timedOut": false,
                "duration": 2,
                "state": "passed",
                "speed": "fast",
                "pass": true,
                "fail": false,
                "pending": false,
                "code": "testValidTemplate(valid);",
                "err": {},
                "isRoot": false,
                "uuid": "33a15d4a-614e-44f1-9aae-3549ef211af9",
                "isHook": false,
                "skipped": false
              },
              {
                "title": "var a = '//www.google.cn/a/b/c/file.gif';",
                "fullTitle": "assert-hostname valid var a = '//www.google.cn/a/b/c/file.gif';",
                "timedOut": false,
                "duration": 3,
                "state": "passed",
                "speed": "fast",
                "pass": true,
                "fail": false,
                "pending": false,
                "code": "testValidTemplate(valid);",
                "err": {},
                "isRoot": false,
                "uuid": "d2dccdbc-7291-4c69-83f6-37d85cf2e41d",
                "isHook": false,
                "skipped": false
              },
              {
                "title": "var a = `//www.google.cn/a/b/c/file.gif`;",
                "fullTitle": "assert-hostname valid var a = `//www.google.cn/a/b/c/file.gif`;",
                "timedOut": false,
                "duration": 2,
                "state": "passed",
                "speed": "fast",
                "pass": true,
                "fail": false,
                "pending": false,
                "code": "testValidTemplate(valid);",
                "err": {},
                "isRoot": false,
                "uuid": "9b8ae2fa-beda-4e3b-959d-4096d2c548dc",
                "isHook": false,
                "skipped": false
              },
              {
                "title": "var a = '//www.google.cn/a/b/c/file.gif#afdefgs';",
                "fullTitle": "assert-hostname valid var a = '//www.google.cn/a/b/c/file.gif#afdefgs';",
                "timedOut": false,
                "duration": 3,
                "state": "passed",
                "speed": "fast",
                "pass": true,
                "fail": false,
                "pending": false,
                "code": "testValidTemplate(valid);",
                "err": {},
                "isRoot": false,
                "uuid": "9c0355f7-7fa9-4741-8ee9-a894c21ea6a0",
                "isHook": false,
                "skipped": false
              },
              {
                "title": "var a = `//www.google.cn/a/b/c/file.gif#afdefgs`;",
                "fullTitle": "assert-hostname valid var a = `//www.google.cn/a/b/c/file.gif#afdefgs`;",
                "timedOut": false,
                "duration": 1,
                "state": "passed",
                "speed": "fast",
                "pass": true,
                "fail": false,
                "pending": false,
                "code": "testValidTemplate(valid);",
                "err": {},
                "isRoot": false,
                "uuid": "d4cfc6cf-8d14-4a2b-a9d0-d5583610796c",
                "isHook": false,
                "skipped": false
              },
              {
                "title": "var a = '//www.google.cn/a/b/c/file.gif?xfdefg';",
                "fullTitle": "assert-hostname valid var a = '//www.google.cn/a/b/c/file.gif?xfdefg';",
                "timedOut": false,
                "duration": 4,
                "state": "passed",
                "speed": "fast",
                "pass": true,
                "fail": false,
                "pending": false,
                "code": "testValidTemplate(valid);",
                "err": {},
                "isRoot": false,
                "uuid": "edc36c42-1055-4e51-a957-edfce5e852ed",
                "isHook": false,
                "skipped": false
              },
              {
                "title": "var a = `//www.google.cn/a/b/c/file.gif?xfdefg`;",
                "fullTitle": "assert-hostname valid var a = `//www.google.cn/a/b/c/file.gif?xfdefg`;",
                "timedOut": false,
                "duration": 2,
                "state": "passed",
                "speed": "fast",
                "pass": true,
                "fail": false,
                "pending": false,
                "code": "testValidTemplate(valid);",
                "err": {},
                "isRoot": false,
                "uuid": "41cdc933-69e4-43cd-aedb-35a181cffb56",
                "isHook": false,
                "skipped": false
              },
              {
                "title": "var a = '//www.google.cn/a/b/c/file.png';",
                "fullTitle": "assert-hostname valid var a = '//www.google.cn/a/b/c/file.png';",
                "timedOut": false,
                "duration": 2,
                "state": "passed",
                "speed": "fast",
                "pass": true,
                "fail": false,
                "pending": false,
                "code": "testValidTemplate(valid);",
                "err": {},
                "isRoot": false,
                "uuid": "d950223a-8213-4276-9d7a-8517f7686c04",
                "isHook": false,
                "skipped": false
              },
              {
                "title": "var a = `//www.google.cn/a/b/c/file.png`;",
                "fullTitle": "assert-hostname valid var a = `//www.google.cn/a/b/c/file.png`;",
                "timedOut": false,
                "duration": 8,
                "state": "passed",
                "speed": "fast",
                "pass": true,
                "fail": false,
                "pending": false,
                "code": "testValidTemplate(valid);",
                "err": {},
                "isRoot": false,
                "uuid": "cd58648b-44cd-4c5b-b119-36fbabe46c6f",
                "isHook": false,
                "skipped": false
              },
              {
                "title": "var a = '//www.google.cn/a/b/c/file.png#afdefgs';",
                "fullTitle": "assert-hostname valid var a = '//www.google.cn/a/b/c/file.png#afdefgs';",
                "timedOut": false,
                "duration": 2,
                "state": "passed",
                "speed": "fast",
                "pass": true,
                "fail": false,
                "pending": false,
                "code": "testValidTemplate(valid);",
                "err": {},
                "isRoot": false,
                "uuid": "37ed9cdc-da7e-41c0-be9f-67421a8b2d8d",
                "isHook": false,
                "skipped": false
              },
              {
                "title": "var a = `//www.google.cn/a/b/c/file.png#afdefgs`;",
                "fullTitle": "assert-hostname valid var a = `//www.google.cn/a/b/c/file.png#afdefgs`;",
                "timedOut": false,
                "duration": 2,
                "state": "passed",
                "speed": "fast",
                "pass": true,
                "fail": false,
                "pending": false,
                "code": "testValidTemplate(valid);",
                "err": {},
                "isRoot": false,
                "uuid": "8e31108f-14e6-41a7-9bd9-d8180ceda233",
                "isHook": false,
                "skipped": false
              },
              {
                "title": "var a = '//www.google.cn/a/b/c/file.png?xfdefg';",
                "fullTitle": "assert-hostname valid var a = '//www.google.cn/a/b/c/file.png?xfdefg';",
                "timedOut": false,
                "duration": 2,
                "state": "passed",
                "speed": "fast",
                "pass": true,
                "fail": false,
                "pending": false,
                "code": "testValidTemplate(valid);",
                "err": {},
                "isRoot": false,
                "uuid": "6cc1fb6d-200e-49fe-9f60-54fc330cadfc",
                "isHook": false,
                "skipped": false
              },
              {
                "title": "var a = `//www.google.cn/a/b/c/file.png?xfdefg`;",
                "fullTitle": "assert-hostname valid var a = `//www.google.cn/a/b/c/file.png?xfdefg`;",
                "timedOut": false,
                "duration": 2,
                "state": "passed",
                "speed": "fast",
                "pass": true,
                "fail": false,
                "pending": false,
                "code": "testValidTemplate(valid);",
                "err": {},
                "isRoot": false,
                "uuid": "04afcb19-98ee-4050-8e44-1b3c6b5fe556",
                "isHook": false,
                "skipped": false
              },
              {
                "title": "var a = '//www.google.cn/a/b/c/file.jpg';",
                "fullTitle": "assert-hostname valid var a = '//www.google.cn/a/b/c/file.jpg';",
                "timedOut": false,
                "duration": 1,
                "state": "passed",
                "speed": "fast",
                "pass": true,
                "fail": false,
                "pending": false,
                "code": "testValidTemplate(valid);",
                "err": {},
                "isRoot": false,
                "uuid": "4a95acae-1dc5-4199-8a3b-9ee6bba0b5b2",
                "isHook": false,
                "skipped": false
              },
              {
                "title": "var a = `//www.google.cn/a/b/c/file.jpg`;",
                "fullTitle": "assert-hostname valid var a = `//www.google.cn/a/b/c/file.jpg`;",
                "timedOut": false,
                "duration": 1,
                "state": "passed",
                "speed": "fast",
                "pass": true,
                "fail": false,
                "pending": false,
                "code": "testValidTemplate(valid);",
                "err": {},
                "isRoot": false,
                "uuid": "58712bb7-6600-4aca-8221-54986e75c9c1",
                "isHook": false,
                "skipped": false
              },
              {
                "title": "var a = '//www.google.cn/a/b/c/file.jpg#afdefgs';",
                "fullTitle": "assert-hostname valid var a = '//www.google.cn/a/b/c/file.jpg#afdefgs';",
                "timedOut": false,
                "duration": 2,
                "state": "passed",
                "speed": "fast",
                "pass": true,
                "fail": false,
                "pending": false,
                "code": "testValidTemplate(valid);",
                "err": {},
                "isRoot": false,
                "uuid": "f59bc6a6-62eb-4fa1-859f-c8fa5bc62e0d",
                "isHook": false,
                "skipped": false
              },
              {
                "title": "var a = `//www.google.cn/a/b/c/file.jpg#afdefgs`;",
                "fullTitle": "assert-hostname valid var a = `//www.google.cn/a/b/c/file.jpg#afdefgs`;",
                "timedOut": false,
                "duration": 2,
                "state": "passed",
                "speed": "fast",
                "pass": true,
                "fail": false,
                "pending": false,
                "code": "testValidTemplate(valid);",
                "err": {},
                "isRoot": false,
                "uuid": "fa8dab52-75dc-4c7b-9946-3bf2f6340d01",
                "isHook": false,
                "skipped": false
              },
              {
                "title": "var a = '//www.google.cn/a/b/c/file.jpg?xfdefg';",
                "fullTitle": "assert-hostname valid var a = '//www.google.cn/a/b/c/file.jpg?xfdefg';",
                "timedOut": false,
                "duration": 1,
                "state": "passed",
                "speed": "fast",
                "pass": true,
                "fail": false,
                "pending": false,
                "code": "testValidTemplate(valid);",
                "err": {},
                "isRoot": false,
                "uuid": "07acaa68-fa0e-48fa-a37d-46687b627f76",
                "isHook": false,
                "skipped": false
              },
              {
                "title": "var a = `//www.google.cn/a/b/c/file.jpg?xfdefg`;",
                "fullTitle": "assert-hostname valid var a = `//www.google.cn/a/b/c/file.jpg?xfdefg`;",
                "timedOut": false,
                "duration": 2,
                "state": "passed",
                "speed": "fast",
                "pass": true,
                "fail": false,
                "pending": false,
                "code": "testValidTemplate(valid);",
                "err": {},
                "isRoot": false,
                "uuid": "2f575632-b935-4908-b481-955222915e79",
                "isHook": false,
                "skipped": false
              },
              {
                "title": "var a = '//www.google.cn/a/b/c/file.jpeg';",
                "fullTitle": "assert-hostname valid var a = '//www.google.cn/a/b/c/file.jpeg';",
                "timedOut": false,
                "duration": 7,
                "state": "passed",
                "speed": "fast",
                "pass": true,
                "fail": false,
                "pending": false,
                "code": "testValidTemplate(valid);",
                "err": {},
                "isRoot": false,
                "uuid": "ac410f56-16ad-4fd8-b7c8-afeca96a683f",
                "isHook": false,
                "skipped": false
              },
              {
                "title": "var a = `//www.google.cn/a/b/c/file.jpeg`;",
                "fullTitle": "assert-hostname valid var a = `//www.google.cn/a/b/c/file.jpeg`;",
                "timedOut": false,
                "duration": 1,
                "state": "passed",
                "speed": "fast",
                "pass": true,
                "fail": false,
                "pending": false,
                "code": "testValidTemplate(valid);",
                "err": {},
                "isRoot": false,
                "uuid": "34846a54-ca93-451f-9d17-9834ee14044e",
                "isHook": false,
                "skipped": false
              },
              {
                "title": "var a = '//www.google.cn/a/b/c/file.jpeg#afdefgs';",
                "fullTitle": "assert-hostname valid var a = '//www.google.cn/a/b/c/file.jpeg#afdefgs';",
                "timedOut": false,
                "duration": 1,
                "state": "passed",
                "speed": "fast",
                "pass": true,
                "fail": false,
                "pending": false,
                "code": "testValidTemplate(valid);",
                "err": {},
                "isRoot": false,
                "uuid": "8d432c15-e48d-498a-a3db-2fe367e7dd4a",
                "isHook": false,
                "skipped": false
              },
              {
                "title": "var a = `//www.google.cn/a/b/c/file.jpeg#afdefgs`;",
                "fullTitle": "assert-hostname valid var a = `//www.google.cn/a/b/c/file.jpeg#afdefgs`;",
                "timedOut": false,
                "duration": 2,
                "state": "passed",
                "speed": "fast",
                "pass": true,
                "fail": false,
                "pending": false,
                "code": "testValidTemplate(valid);",
                "err": {},
                "isRoot": false,
                "uuid": "f7155514-7e23-415f-86e4-e8e29b8abd7c",
                "isHook": false,
                "skipped": false
              },
              {
                "title": "var a = '//www.google.cn/a/b/c/file.jpeg?xfdefg';",
                "fullTitle": "assert-hostname valid var a = '//www.google.cn/a/b/c/file.jpeg?xfdefg';",
                "timedOut": false,
                "duration": 2,
                "state": "passed",
                "speed": "fast",
                "pass": true,
                "fail": false,
                "pending": false,
                "code": "testValidTemplate(valid);",
                "err": {},
                "isRoot": false,
                "uuid": "9d4d7a90-ad01-4b56-96dd-77d9745d917c",
                "isHook": false,
                "skipped": false
              },
              {
                "title": "var a = `//www.google.cn/a/b/c/file.jpeg?xfdefg`;",
                "fullTitle": "assert-hostname valid var a = `//www.google.cn/a/b/c/file.jpeg?xfdefg`;",
                "timedOut": false,
                "duration": 2,
                "state": "passed",
                "speed": "fast",
                "pass": true,
                "fail": false,
                "pending": false,
                "code": "testValidTemplate(valid);",
                "err": {},
                "isRoot": false,
                "uuid": "e1c801d1-4d4c-4c11-9c29-a4595bbfb405",
                "isHook": false,
                "skipped": false
              },
              {
                "title": "var a = '//www.google.cn/a/b/c/file.webp';",
                "fullTitle": "assert-hostname valid var a = '//www.google.cn/a/b/c/file.webp';",
                "timedOut": false,
                "duration": 2,
                "state": "passed",
                "speed": "fast",
                "pass": true,
                "fail": false,
                "pending": false,
                "code": "testValidTemplate(valid);",
                "err": {},
                "isRoot": false,
                "uuid": "64959b0e-532d-4550-81ba-3907e2412c0f",
                "isHook": false,
                "skipped": false
              },
              {
                "title": "var a = `//www.google.cn/a/b/c/file.webp`;",
                "fullTitle": "assert-hostname valid var a = `//www.google.cn/a/b/c/file.webp`;",
                "timedOut": false,
                "duration": 9,
                "state": "passed",
                "speed": "fast",
                "pass": true,
                "fail": false,
                "pending": false,
                "code": "testValidTemplate(valid);",
                "err": {},
                "isRoot": false,
                "uuid": "048b13c8-c169-4d13-9891-0f587c357d06",
                "isHook": false,
                "skipped": false
              },
              {
                "title": "var a = '//www.google.cn/a/b/c/file.webp#afdefgs';",
                "fullTitle": "assert-hostname valid var a = '//www.google.cn/a/b/c/file.webp#afdefgs';",
                "timedOut": false,
                "duration": 2,
                "state": "passed",
                "speed": "fast",
                "pass": true,
                "fail": false,
                "pending": false,
                "code": "testValidTemplate(valid);",
                "err": {},
                "isRoot": false,
                "uuid": "30d3f9eb-907e-4c1b-afb4-f861416f4c90",
                "isHook": false,
                "skipped": false
              },
              {
                "title": "var a = `//www.google.cn/a/b/c/file.webp#afdefgs`;",
                "fullTitle": "assert-hostname valid var a = `//www.google.cn/a/b/c/file.webp#afdefgs`;",
                "timedOut": false,
                "duration": 2,
                "state": "passed",
                "speed": "fast",
                "pass": true,
                "fail": false,
                "pending": false,
                "code": "testValidTemplate(valid);",
                "err": {},
                "isRoot": false,
                "uuid": "1a67e72d-d674-48d8-b189-df7f775ce639",
                "isHook": false,
                "skipped": false
              },
              {
                "title": "var a = '//www.google.cn/a/b/c/file.webp?xfdefg';",
                "fullTitle": "assert-hostname valid var a = '//www.google.cn/a/b/c/file.webp?xfdefg';",
                "timedOut": false,
                "duration": 1,
                "state": "passed",
                "speed": "fast",
                "pass": true,
                "fail": false,
                "pending": false,
                "code": "testValidTemplate(valid);",
                "err": {},
                "isRoot": false,
                "uuid": "2e51d718-b776-4dbf-9aa2-73e2ce52b618",
                "isHook": false,
                "skipped": false
              },
              {
                "title": "var a = `//www.google.cn/a/b/c/file.webp?xfdefg`;",
                "fullTitle": "assert-hostname valid var a = `//www.google.cn/a/b/c/file.webp?xfdefg`;",
                "timedOut": false,
                "duration": 2,
                "state": "passed",
                "speed": "fast",
                "pass": true,
                "fail": false,
                "pending": false,
                "code": "testValidTemplate(valid);",
                "err": {},
                "isRoot": false,
                "uuid": "7cbcf621-59f8-48f3-b2e5-36f6018b4ee1",
                "isHook": false,
                "skipped": false
              },
              {
                "title": "var a = '//www.google.cn/a/b/c/file.js';",
                "fullTitle": "assert-hostname valid var a = '//www.google.cn/a/b/c/file.js';",
                "timedOut": false,
                "duration": 2,
                "state": "passed",
                "speed": "fast",
                "pass": true,
                "fail": false,
                "pending": false,
                "code": "testValidTemplate(valid);",
                "err": {},
                "isRoot": false,
                "uuid": "f3ff9176-f3b6-4f30-a1f8-8e658fd991da",
                "isHook": false,
                "skipped": false
              },
              {
                "title": "var a = `//www.google.cn/a/b/c/file.js`;",
                "fullTitle": "assert-hostname valid var a = `//www.google.cn/a/b/c/file.js`;",
                "timedOut": false,
                "duration": 2,
                "state": "passed",
                "speed": "fast",
                "pass": true,
                "fail": false,
                "pending": false,
                "code": "testValidTemplate(valid);",
                "err": {},
                "isRoot": false,
                "uuid": "20509230-5f2b-422a-9441-cf84ea9c9ad5",
                "isHook": false,
                "skipped": false
              },
              {
                "title": "var a = '//www.google.cn/a/b/c/file.js#afdefgs';",
                "fullTitle": "assert-hostname valid var a = '//www.google.cn/a/b/c/file.js#afdefgs';",
                "timedOut": false,
                "duration": 1,
                "state": "passed",
                "speed": "fast",
                "pass": true,
                "fail": false,
                "pending": false,
                "code": "testValidTemplate(valid);",
                "err": {},
                "isRoot": false,
                "uuid": "e9817293-4a8c-4848-bef1-a1819b95c8c1",
                "isHook": false,
                "skipped": false
              },
              {
                "title": "var a = `//www.google.cn/a/b/c/file.js#afdefgs`;",
                "fullTitle": "assert-hostname valid var a = `//www.google.cn/a/b/c/file.js#afdefgs`;",
                "timedOut": false,
                "duration": 2,
                "state": "passed",
                "speed": "fast",
                "pass": true,
                "fail": false,
                "pending": false,
                "code": "testValidTemplate(valid);",
                "err": {},
                "isRoot": false,
                "uuid": "8aabed06-9041-4a09-bf2d-4d381c26864a",
                "isHook": false,
                "skipped": false
              },
              {
                "title": "var a = '//www.google.cn/a/b/c/file.js?xfdefg';",
                "fullTitle": "assert-hostname valid var a = '//www.google.cn/a/b/c/file.js?xfdefg';",
                "timedOut": false,
                "duration": 2,
                "state": "passed",
                "speed": "fast",
                "pass": true,
                "fail": false,
                "pending": false,
                "code": "testValidTemplate(valid);",
                "err": {},
                "isRoot": false,
                "uuid": "639eb667-bf8a-440b-a0f7-442f974766ee",
                "isHook": false,
                "skipped": false
              },
              {
                "title": "var a = `//www.google.cn/a/b/c/file.js?xfdefg`;",
                "fullTitle": "assert-hostname valid var a = `//www.google.cn/a/b/c/file.js?xfdefg`;",
                "timedOut": false,
                "duration": 1,
                "state": "passed",
                "speed": "fast",
                "pass": true,
                "fail": false,
                "pending": false,
                "code": "testValidTemplate(valid);",
                "err": {},
                "isRoot": false,
                "uuid": "0a98f316-e7a9-4e3f-aa61-b20c25a78536",
                "isHook": false,
                "skipped": false
              },
              {
                "title": "var a = '//www.google.cn/a/b/c/file.css';",
                "fullTitle": "assert-hostname valid var a = '//www.google.cn/a/b/c/file.css';",
                "timedOut": false,
                "duration": 2,
                "state": "passed",
                "speed": "fast",
                "pass": true,
                "fail": false,
                "pending": false,
                "code": "testValidTemplate(valid);",
                "err": {},
                "isRoot": false,
                "uuid": "f1b297ae-c252-459f-bfb3-6a7b1bafb7d3",
                "isHook": false,
                "skipped": false
              },
              {
                "title": "var a = `//www.google.cn/a/b/c/file.css`;",
                "fullTitle": "assert-hostname valid var a = `//www.google.cn/a/b/c/file.css`;",
                "timedOut": false,
                "duration": 1,
                "state": "passed",
                "speed": "fast",
                "pass": true,
                "fail": false,
                "pending": false,
                "code": "testValidTemplate(valid);",
                "err": {},
                "isRoot": false,
                "uuid": "bd509f53-f055-4529-ad9a-7616a4e63443",
                "isHook": false,
                "skipped": false
              },
              {
                "title": "var a = '//www.google.cn/a/b/c/file.css#afdefgs';",
                "fullTitle": "assert-hostname valid var a = '//www.google.cn/a/b/c/file.css#afdefgs';",
                "timedOut": false,
                "duration": 2,
                "state": "passed",
                "speed": "fast",
                "pass": true,
                "fail": false,
                "pending": false,
                "code": "testValidTemplate(valid);",
                "err": {},
                "isRoot": false,
                "uuid": "75aff038-b717-48c8-b425-75d34aac0bb6",
                "isHook": false,
                "skipped": false
              },
              {
                "title": "var a = `//www.google.cn/a/b/c/file.css#afdefgs`;",
                "fullTitle": "assert-hostname valid var a = `//www.google.cn/a/b/c/file.css#afdefgs`;",
                "timedOut": false,
                "duration": 6,
                "state": "passed",
                "speed": "fast",
                "pass": true,
                "fail": false,
                "pending": false,
                "code": "testValidTemplate(valid);",
                "err": {},
                "isRoot": false,
                "uuid": "dcaec974-a362-4500-8b34-9e612e53f276",
                "isHook": false,
                "skipped": false
              },
              {
                "title": "var a = '//www.google.cn/a/b/c/file.css?xfdefg';",
                "fullTitle": "assert-hostname valid var a = '//www.google.cn/a/b/c/file.css?xfdefg';",
                "timedOut": false,
                "duration": 1,
                "state": "passed",
                "speed": "fast",
                "pass": true,
                "fail": false,
                "pending": false,
                "code": "testValidTemplate(valid);",
                "err": {},
                "isRoot": false,
                "uuid": "c640f37f-889b-4303-afde-31d416d3bec2",
                "isHook": false,
                "skipped": false
              },
              {
                "title": "var a = `//www.google.cn/a/b/c/file.css?xfdefg`;",
                "fullTitle": "assert-hostname valid var a = `//www.google.cn/a/b/c/file.css?xfdefg`;",
                "timedOut": false,
                "duration": 1,
                "state": "passed",
                "speed": "fast",
                "pass": true,
                "fail": false,
                "pending": false,
                "code": "testValidTemplate(valid);",
                "err": {},
                "isRoot": false,
                "uuid": "af020d41-7af7-4240-a0a1-fe18892b8f1c",
                "isHook": false,
                "skipped": false
              },
              {
                "title": "var a = '//www.google.cn/a/b/c/file.json';",
                "fullTitle": "assert-hostname valid var a = '//www.google.cn/a/b/c/file.json';",
                "timedOut": false,
                "duration": 2,
                "state": "passed",
                "speed": "fast",
                "pass": true,
                "fail": false,
                "pending": false,
                "code": "testValidTemplate(valid);",
                "err": {},
                "isRoot": false,
                "uuid": "4b6a5c77-8f43-444e-ac32-7642a0c5e2fd",
                "isHook": false,
                "skipped": false
              },
              {
                "title": "var a = `//www.google.cn/a/b/c/file.json`;",
                "fullTitle": "assert-hostname valid var a = `//www.google.cn/a/b/c/file.json`;",
                "timedOut": false,
                "duration": 1,
                "state": "passed",
                "speed": "fast",
                "pass": true,
                "fail": false,
                "pending": false,
                "code": "testValidTemplate(valid);",
                "err": {},
                "isRoot": false,
                "uuid": "077668ae-07e7-47f0-966d-ee441f9cfb4a",
                "isHook": false,
                "skipped": false
              },
              {
                "title": "var a = '//www.google.cn/a/b/c/file.json#afdefgs';",
                "fullTitle": "assert-hostname valid var a = '//www.google.cn/a/b/c/file.json#afdefgs';",
                "timedOut": false,
                "duration": 2,
                "state": "passed",
                "speed": "fast",
                "pass": true,
                "fail": false,
                "pending": false,
                "code": "testValidTemplate(valid);",
                "err": {},
                "isRoot": false,
                "uuid": "bf94ed2b-0db6-4d3d-bb08-2841240e20ad",
                "isHook": false,
                "skipped": false
              },
              {
                "title": "var a = `//www.google.cn/a/b/c/file.json#afdefgs`;",
                "fullTitle": "assert-hostname valid var a = `//www.google.cn/a/b/c/file.json#afdefgs`;",
                "timedOut": false,
                "duration": 9,
                "state": "passed",
                "speed": "fast",
                "pass": true,
                "fail": false,
                "pending": false,
                "code": "testValidTemplate(valid);",
                "err": {},
                "isRoot": false,
                "uuid": "2168b9b3-84db-410f-9bf0-b1b4485ea48a",
                "isHook": false,
                "skipped": false
              },
              {
                "title": "var a = '//www.google.cn/a/b/c/file.json?xfdefg';",
                "fullTitle": "assert-hostname valid var a = '//www.google.cn/a/b/c/file.json?xfdefg';",
                "timedOut": false,
                "duration": 2,
                "state": "passed",
                "speed": "fast",
                "pass": true,
                "fail": false,
                "pending": false,
                "code": "testValidTemplate(valid);",
                "err": {},
                "isRoot": false,
                "uuid": "6f66ce8d-b8e2-4347-bf93-f7d202f05e1c",
                "isHook": false,
                "skipped": false
              },
              {
                "title": "var a = `//www.google.cn/a/b/c/file.json?xfdefg`;",
                "fullTitle": "assert-hostname valid var a = `//www.google.cn/a/b/c/file.json?xfdefg`;",
                "timedOut": false,
                "duration": 12,
                "state": "passed",
                "speed": "fast",
                "pass": true,
                "fail": false,
                "pending": false,
                "code": "testValidTemplate(valid);",
                "err": {},
                "isRoot": false,
                "uuid": "748b7274-f7c7-4cc1-8f9c-d244f809d0ed",
                "isHook": false,
                "skipped": false
              },
              {
                "title": "var a = 'http://www.google.com/a/b/c/file.gif';",
                "fullTitle": "assert-hostname valid var a = 'http://www.google.com/a/b/c/file.gif';",
                "timedOut": false,
                "duration": 1,
                "state": "passed",
                "speed": "fast",
                "pass": true,
                "fail": false,
                "pending": false,
                "code": "testValidTemplate(valid);",
                "err": {},
                "isRoot": false,
                "uuid": "aada3a48-3df6-47d4-8dad-c0fb378e08d5",
                "isHook": false,
                "skipped": false
              },
              {
                "title": "var a = `http://www.google.com/a/b/c/file.gif`;",
                "fullTitle": "assert-hostname valid var a = `http://www.google.com/a/b/c/file.gif`;",
                "timedOut": false,
                "duration": 7,
                "state": "passed",
                "speed": "fast",
                "pass": true,
                "fail": false,
                "pending": false,
                "code": "testValidTemplate(valid);",
                "err": {},
                "isRoot": false,
                "uuid": "9ede87b1-6675-4c8c-af10-baaffe3ae863",
                "isHook": false,
                "skipped": false
              },
              {
                "title": "var a = 'http://www.google.com/a/b/c/file.gif#afdefgs';",
                "fullTitle": "assert-hostname valid var a = 'http://www.google.com/a/b/c/file.gif#afdefgs';",
                "timedOut": false,
                "duration": 2,
                "state": "passed",
                "speed": "fast",
                "pass": true,
                "fail": false,
                "pending": false,
                "code": "testValidTemplate(valid);",
                "err": {},
                "isRoot": false,
                "uuid": "1922b816-d261-423d-8de6-1cf8684471d8",
                "isHook": false,
                "skipped": false
              },
              {
                "title": "var a = `http://www.google.com/a/b/c/file.gif#afdefgs`;",
                "fullTitle": "assert-hostname valid var a = `http://www.google.com/a/b/c/file.gif#afdefgs`;",
                "timedOut": false,
                "duration": 1,
                "state": "passed",
                "speed": "fast",
                "pass": true,
                "fail": false,
                "pending": false,
                "code": "testValidTemplate(valid);",
                "err": {},
                "isRoot": false,
                "uuid": "030b2de3-4458-419b-a3c0-60295eb6adc5",
                "isHook": false,
                "skipped": false
              },
              {
                "title": "var a = 'http://www.google.com/a/b/c/file.gif?xfdefg';",
                "fullTitle": "assert-hostname valid var a = 'http://www.google.com/a/b/c/file.gif?xfdefg';",
                "timedOut": false,
                "duration": 1,
                "state": "passed",
                "speed": "fast",
                "pass": true,
                "fail": false,
                "pending": false,
                "code": "testValidTemplate(valid);",
                "err": {},
                "isRoot": false,
                "uuid": "32b1d919-8478-4be1-bf8f-e4c9bfdf9a9f",
                "isHook": false,
                "skipped": false
              },
              {
                "title": "var a = `http://www.google.com/a/b/c/file.gif?xfdefg`;",
                "fullTitle": "assert-hostname valid var a = `http://www.google.com/a/b/c/file.gif?xfdefg`;",
                "timedOut": false,
                "duration": 1,
                "state": "passed",
                "speed": "fast",
                "pass": true,
                "fail": false,
                "pending": false,
                "code": "testValidTemplate(valid);",
                "err": {},
                "isRoot": false,
                "uuid": "c53e8c18-829c-432e-9954-d64035b5269d",
                "isHook": false,
                "skipped": false
              },
              {
                "title": "var a = 'http://www.google.com/a/b/c/file.png';",
                "fullTitle": "assert-hostname valid var a = 'http://www.google.com/a/b/c/file.png';",
                "timedOut": false,
                "duration": 2,
                "state": "passed",
                "speed": "fast",
                "pass": true,
                "fail": false,
                "pending": false,
                "code": "testValidTemplate(valid);",
                "err": {},
                "isRoot": false,
                "uuid": "308d1047-3c30-4193-87db-4634962c086d",
                "isHook": false,
                "skipped": false
              },
              {
                "title": "var a = `http://www.google.com/a/b/c/file.png`;",
                "fullTitle": "assert-hostname valid var a = `http://www.google.com/a/b/c/file.png`;",
                "timedOut": false,
                "duration": 1,
                "state": "passed",
                "speed": "fast",
                "pass": true,
                "fail": false,
                "pending": false,
                "code": "testValidTemplate(valid);",
                "err": {},
                "isRoot": false,
                "uuid": "2243329b-d232-464c-9e11-e0408ebdce14",
                "isHook": false,
                "skipped": false
              },
              {
                "title": "var a = 'http://www.google.com/a/b/c/file.png#afdefgs';",
                "fullTitle": "assert-hostname valid var a = 'http://www.google.com/a/b/c/file.png#afdefgs';",
                "timedOut": false,
                "duration": 2,
                "state": "passed",
                "speed": "fast",
                "pass": true,
                "fail": false,
                "pending": false,
                "code": "testValidTemplate(valid);",
                "err": {},
                "isRoot": false,
                "uuid": "a10184aa-0e4d-4b83-a2d3-c96d79e37a9a",
                "isHook": false,
                "skipped": false
              },
              {
                "title": "var a = `http://www.google.com/a/b/c/file.png#afdefgs`;",
                "fullTitle": "assert-hostname valid var a = `http://www.google.com/a/b/c/file.png#afdefgs`;",
                "timedOut": false,
                "duration": 1,
                "state": "passed",
                "speed": "fast",
                "pass": true,
                "fail": false,
                "pending": false,
                "code": "testValidTemplate(valid);",
                "err": {},
                "isRoot": false,
                "uuid": "5033a855-4e10-4f54-8913-73b7e642e317",
                "isHook": false,
                "skipped": false
              },
              {
                "title": "var a = 'http://www.google.com/a/b/c/file.png?xfdefg';",
                "fullTitle": "assert-hostname valid var a = 'http://www.google.com/a/b/c/file.png?xfdefg';",
                "timedOut": false,
                "duration": 1,
                "state": "passed",
                "speed": "fast",
                "pass": true,
                "fail": false,
                "pending": false,
                "code": "testValidTemplate(valid);",
                "err": {},
                "isRoot": false,
                "uuid": "bfee8f09-a000-431f-86d0-1ad7524a1a08",
                "isHook": false,
                "skipped": false
              },
              {
                "title": "var a = `http://www.google.com/a/b/c/file.png?xfdefg`;",
                "fullTitle": "assert-hostname valid var a = `http://www.google.com/a/b/c/file.png?xfdefg`;",
                "timedOut": false,
                "duration": 1,
                "state": "passed",
                "speed": "fast",
                "pass": true,
                "fail": false,
                "pending": false,
                "code": "testValidTemplate(valid);",
                "err": {},
                "isRoot": false,
                "uuid": "ed61d914-a2ab-460e-afe6-8225e4f75004",
                "isHook": false,
                "skipped": false
              },
              {
                "title": "var a = 'http://www.google.com/a/b/c/file.jpg';",
                "fullTitle": "assert-hostname valid var a = 'http://www.google.com/a/b/c/file.jpg';",
                "timedOut": false,
                "duration": 1,
                "state": "passed",
                "speed": "fast",
                "pass": true,
                "fail": false,
                "pending": false,
                "code": "testValidTemplate(valid);",
                "err": {},
                "isRoot": false,
                "uuid": "fdf42fd1-b8f7-4b69-9c93-50e37a309252",
                "isHook": false,
                "skipped": false
              },
              {
                "title": "var a = `http://www.google.com/a/b/c/file.jpg`;",
                "fullTitle": "assert-hostname valid var a = `http://www.google.com/a/b/c/file.jpg`;",
                "timedOut": false,
                "duration": 3,
                "state": "passed",
                "speed": "fast",
                "pass": true,
                "fail": false,
                "pending": false,
                "code": "testValidTemplate(valid);",
                "err": {},
                "isRoot": false,
                "uuid": "59ebb347-b3df-46a5-9d16-3c35811ddf95",
                "isHook": false,
                "skipped": false
              },
              {
                "title": "var a = 'http://www.google.com/a/b/c/file.jpg#afdefgs';",
                "fullTitle": "assert-hostname valid var a = 'http://www.google.com/a/b/c/file.jpg#afdefgs';",
                "timedOut": false,
                "duration": 2,
                "state": "passed",
                "speed": "fast",
                "pass": true,
                "fail": false,
                "pending": false,
                "code": "testValidTemplate(valid);",
                "err": {},
                "isRoot": false,
                "uuid": "004d795a-d105-4ad0-ab3b-67b062836bcd",
                "isHook": false,
                "skipped": false
              },
              {
                "title": "var a = `http://www.google.com/a/b/c/file.jpg#afdefgs`;",
                "fullTitle": "assert-hostname valid var a = `http://www.google.com/a/b/c/file.jpg#afdefgs`;",
                "timedOut": false,
                "duration": 13,
                "state": "passed",
                "speed": "fast",
                "pass": true,
                "fail": false,
                "pending": false,
                "code": "testValidTemplate(valid);",
                "err": {},
                "isRoot": false,
                "uuid": "f097dfd7-404c-4a40-962a-af3f0bf5c823",
                "isHook": false,
                "skipped": false
              },
              {
                "title": "var a = 'http://www.google.com/a/b/c/file.jpg?xfdefg';",
                "fullTitle": "assert-hostname valid var a = 'http://www.google.com/a/b/c/file.jpg?xfdefg';",
                "timedOut": false,
                "duration": 2,
                "state": "passed",
                "speed": "fast",
                "pass": true,
                "fail": false,
                "pending": false,
                "code": "testValidTemplate(valid);",
                "err": {},
                "isRoot": false,
                "uuid": "9242d816-62db-4e95-8fa2-e0b99dc27182",
                "isHook": false,
                "skipped": false
              },
              {
                "title": "var a = `http://www.google.com/a/b/c/file.jpg?xfdefg`;",
                "fullTitle": "assert-hostname valid var a = `http://www.google.com/a/b/c/file.jpg?xfdefg`;",
                "timedOut": false,
                "duration": 6,
                "state": "passed",
                "speed": "fast",
                "pass": true,
                "fail": false,
                "pending": false,
                "code": "testValidTemplate(valid);",
                "err": {},
                "isRoot": false,
                "uuid": "95b8e5ac-eca8-4194-8383-35bd68dc49f2",
                "isHook": false,
                "skipped": false
              },
              {
                "title": "var a = 'http://www.google.com/a/b/c/file.jpeg';",
                "fullTitle": "assert-hostname valid var a = 'http://www.google.com/a/b/c/file.jpeg';",
                "timedOut": false,
                "duration": 2,
                "state": "passed",
                "speed": "fast",
                "pass": true,
                "fail": false,
                "pending": false,
                "code": "testValidTemplate(valid);",
                "err": {},
                "isRoot": false,
                "uuid": "58936a42-496e-408b-b971-efd840058625",
                "isHook": false,
                "skipped": false
              },
              {
[...]
              "50ceef42-5576-4c22-8861-2f7bde546017",
              "890cca42-61e8-47b7-a57b-385527c0169e",
              "5b566d4d-bb39-4b96-8d16-6fc881a691a7",
              "2f4ff1b0-44a6-477d-9f7b-83c6b933e959",
              "094b2fbe-fe07-4b6e-be88-8cee53288925",
              "19f50e95-119b-4e66-a398-fb039639bcd7",
              "3297bcdf-a39f-4956-a258-e213f094e21e",
              "d9b7098d-47d8-4612-ac11-4e0ae608ac8c",
              "647216fc-e22c-4b69-9df2-7366b84d9282",
              "0992f0b6-029c-47dc-81f0-e7de86775043",
              "cc2e3fb1-c29b-4119-a1c3-6c55f5d8ad1c",
              "20dcf63b-6e5c-4e6b-9a3a-cad16eab176e",
              "6ae5c3bd-b746-456c-a1b6-922915f983a9",
              "f6ef1ed7-7fa8-455d-a459-ef0c45ca553f",
              "4c3fcd32-8dbc-486c-bf97-adfb3d7f5e85",
              "8d30f8e0-bb85-45f9-bbf6-0efa3e5af260",
              "3ef62048-424b-4694-9eb4-789b0309c8db",
              "ac4f0d50-c7f6-44d1-a329-374c8109dd57",
              "3f556468-270a-40c5-94ff-117ade944533",
              "52eb7852-1b1d-4146-bda3-162e7c84d633",
              "0259626e-aed5-4702-b7fa-5080445ef90d",
              "bca8736a-1bfa-421a-b462-75a300d4a23e",
              "9ae16734-deef-4925-9495-4775f021d5f2",
              "408c1b64-fc48-4195-90bb-9b6a57b51f1d",
              "c1649b1f-3a0f-421d-a375-87722c33dfef",
              "4cc145bd-d182-4536-9c4c-4dacd8968423",
              "cfd53b3e-23ae-497a-a0e2-79f665223688",
              "8ca80bd3-27b6-4331-b2b7-a477ff4b3f4a",
              "aa23c3a0-264f-410c-993f-e19980dc1779",
              "9c14b93e-b37d-4860-ac09-d58aaeb5a6bc",
              "f27808a2-0069-49d7-ad6b-c281237cc212",
              "7c23acdc-d49b-4c2b-8519-2efb13136caf",
              "7896701c-712b-4e8e-ad87-a9613965ab05",
              "ba322979-4a6b-491a-9917-34df0b81445a",
              "1e02554d-b54a-423c-99c2-5847cc56cc65",
              "3074a36c-7d99-4e07-89c8-b219a32507fc",
              "6af67955-43aa-48e1-83c0-20bfeb291b48",
              "58e17b02-2e7a-4df7-82de-f9cc22cac37b",
              "f2655e56-2fb4-4ecb-91ac-9afee9482c36",
              "8631a4bb-ffb9-44e3-b5ea-281c05803e4f",
              "becba824-ba6b-4e3e-a147-e2cb5aa51dc8",
              "ce5bc773-ef21-4567-b728-0c3784f031b7",
              "bdc35bb3-a632-469b-956f-b4dc6bdbfdda",
              "708fb310-cb12-424e-963f-8a902b471391",
              "0904fc27-600b-4297-a1ed-b2038e40bbab",
              "481153d8-aafb-4cd1-b9c9-fe45fbbc2e0f",
              "50329e55-e53a-45bb-9f31-b808f478ddcd",
              "967f3f42-6519-4823-af92-58edb91449c8",
              "0c7e4384-5ed3-4827-8cd3-6b6edd2496cf",
              "30124ae9-dfb0-457b-963b-588786cc18b7",
              "e3cd5bcc-0e7c-442d-99a7-e58c08e16257",
              "8af30eb4-773b-427f-ae4f-5020bffbe713",
              "a917c7f1-8e9c-4dd4-8a17-94c5a69be498",
              "5d44efe6-bdcc-4646-9cc0-e4069c3e9b29",
              "28937787-6aa4-4157-8b0e-2fbd04ec0114",
              "d55a9de7-d81f-4222-8b16-bb13e7ecf4aa",
              "93dc85ee-18d3-41b5-8366-adedaccc9770",
              "fbe31d8f-59da-438d-a7ff-93ce52671247",
              "0bd21cbe-17b0-485d-a799-551b93842077",
              "546f2f1d-b1b8-4111-a5ab-f6d409e43123",
              "7428208e-d044-4b77-ab9b-340395fd6006",
              "1ce24490-becf-4189-b2ee-c7732b9cdb3f",
              "0d217264-d2cc-4345-b548-b852a2a21939",
              "5a5fe272-b889-4147-bc09-d2c7396a8551",
              "a2b1a7a2-5a4e-415b-9533-7b94f2a03af5",
              "5dfd9212-2dff-42ab-87f8-de27e45d56cb",
              "68e17320-14c1-4999-8bff-077915b65d95",
              "dd840ae8-311e-407f-a42a-d7ff32a49bf4",
              "f135353b-d200-43fd-b573-2bbe85b1f1d0",
              "c73ac7c0-3db1-4147-9627-16c57b384dcb",
              "2345c888-4d7f-4c2d-bd24-557c8bca23f0",
              "91b97a05-9294-498e-983f-8323c51eb9f2",
              "4ae5386e-985d-432a-b4d6-ffc4971b6fb4",
              "44748812-55fd-4be0-b0d4-aa3236a150b9",
              "b6bfbd6b-d2d9-4a41-b979-3896c857d59f",
              "ac7b5fb7-6b6a-467f-b5d3-fa037c1cfc0d",
              "2f53e0fc-477a-4189-9018-576898858635",
              "b485f254-f29a-4163-bd95-305f31a1ac0b",
              "9edf37ed-9baa-4350-816b-338d0c7702d3",
              "b4017eb4-197d-468d-9651-3906da66a304",
              "dd9b7604-e479-4ee3-a6dd-7a4533b5259e",
              "ff0a8b5e-7d8f-4a48-8ec3-b042d09f1426",
              "70520315-9e5e-433e-b404-0161152575e3",
              "c46bd94f-b074-4172-9cc5-db1622e36c4c",
              "fedd8ba5-3fb0-495e-82f3-fc1bff301278",
              "a2cdeb1c-c0e1-40c1-a2fa-c4cbc571100c",
              "a146167f-6aaa-487f-87e0-f7ee8ed6574c",
              "bd13c9ec-66e3-48b7-bb7b-d3568679b9c0",
              "782a74a6-8dcb-4d10-a4b9-8c4852b93479",
              "c79a9983-e7b9-4e84-a3d2-ba3ffec6bbca",
              "39458850-8987-44f8-a150-2da588cda204",
              "23ebdc3f-c02c-44b4-a5ea-36f828e194dd",
              "366a89f3-acc2-40ce-b6f0-826c11995c51",
              "78d9b223-f772-40eb-bb64-0d628ef54b0e",
              "ec38c8f2-da61-4222-8262-5ad6dd6d8da3",
              "89176387-b44a-4962-8f9e-4602a7ed9762",
              "b3b67fe9-27ca-4f93-8127-683a01c507e1",
              "46474555-8df9-4c89-a475-a19f18075367",
              "1ea89dbb-d962-4e5b-836d-0c40767142cb",
              "fdfa2108-de03-4e35-8853-769df2472257",
              "08e74f69-6278-444a-b51a-6c223af721cd"
            ],
            "failures": [],
            "pending": [],
            "skipped": [],
            "duration": 1155,
            "root": false,
            "rootEmpty": false,
            "_timeout": 2000
          },
          {
            "uuid": "1ab7a3ab-241f-489d-9562-bca2f87880c4",
            "title": "invalid",
            "fullFile": "/home/travis/build/borenXue/eslint-plugin-lucky-monkey/tests/_index.js",
            "file": "/tests/_index.js",
            "beforeHooks": [],
            "afterHooks": [],
            "tests": [
              {
                "title": "\n      <template>\n        <div>\n          <span>//wpimg.wallstcn.com/f778738c-e4f8-4870-b634-56703b4acafe.gif</span>\n        </div>\n      </template>\n    ",
                "fullTitle": "weiyi/vue-no-third-party-res invalid \n      <template>\n        <div>\n          <span>//wpimg.wallstcn.com/f778738c-e4f8-4870-b634-56703b4acafe.gif</span>\n        </div>\n      </template>\n    ",
                "timedOut": false,
                "duration": 2,
                "state": "passed",
                "speed": "fast",
                "pass": true,
                "fail": false,
                "pending": false,
                "code": "testInvalidTemplate(invalid);",
                "err": {},
                "isRoot": false,
                "uuid": "62a850d5-0cc3-4a54-a69e-9422f3c42edd",
                "isHook": false,
                "skipped": false
              },
              {
                "title": "\n      <template>\n        <div>\n          <img src=\"//wpimg.wallstcn.com/f778738c-e4f8-4870-b634-56703b4acafe.gif\">\n        </div>\n      </template>\n    ",
                "fullTitle": "weiyi/vue-no-third-party-res invalid \n      <template>\n        <div>\n          <img src=\"//wpimg.wallstcn.com/f778738c-e4f8-4870-b634-56703b4acafe.gif\">\n        </div>\n      </template>\n    ",
                "timedOut": false,
                "duration": 2,
                "state": "passed",
                "speed": "fast",
                "pass": true,
                "fail": false,
                "pending": false,
                "code": "testInvalidTemplate(invalid);",
                "err": {},
                "isRoot": false,
                "uuid": "2c22684a-2a1e-4335-83b2-4b42e8522dea",
                "isHook": false,
                "skipped": false
              },
              {
                "title": "\n      <template>\n        <div>\n          <span>//wpimg.baidu.org/f778738c-e4f8-4870-b634-56703b4acafe.png</span>\n        </div>\n      </template>\n    ",
                "fullTitle": "weiyi/vue-no-third-party-res invalid \n      <template>\n        <div>\n          <span>//wpimg.baidu.org/f778738c-e4f8-4870-b634-56703b4acafe.png</span>\n        </div>\n      </template>\n    ",
                "timedOut": false,
                "duration": 2,
                "state": "passed",
                "speed": "fast",
                "pass": true,
                "fail": false,
                "pending": false,
                "code": "testInvalidTemplate(invalid);",
                "err": {},
                "isRoot": false,
                "uuid": "9826527f-baf1-4d72-94ff-f435f3cedf9e",
                "isHook": false,
                "skipped": false
              },
              {
                "title": "\n      <template>\n        <div>\n          <img src=\"//wpimg.baidu.org/f778738c-e4f8-4870-b634-56703b4acafe.png\">\n        </div>\n      </template>\n    ",
                "fullTitle": "weiyi/vue-no-third-party-res invalid \n      <template>\n        <div>\n          <img src=\"//wpimg.baidu.org/f778738c-e4f8-4870-b634-56703b4acafe.png\">\n        </div>\n      </template>\n    ",
                "timedOut": false,
                "duration": 1,
                "state": "passed",
                "speed": "fast",
                "pass": true,
                "fail": false,
                "pending": false,
                "code": "testInvalidTemplate(invalid);",
                "err": {},
                "isRoot": false,
                "uuid": "a3763aac-e405-435a-9c63-fcc3cc9fb807",
                "isHook": false,
                "skipped": false
              },
              {
                "title": "\n      <template>\n        <div>\n          <span>//wpimg.baidu.org/f778738c-e4f8-4870-b634-56703b4acafe.png?afefg</span>\n        </div>\n      </template>\n    ",
                "fullTitle": "weiyi/vue-no-third-party-res invalid \n      <template>\n        <div>\n          <span>//wpimg.baidu.org/f778738c-e4f8-4870-b634-56703b4acafe.png?afefg</span>\n        </div>\n      </template>\n    ",
                "timedOut": false,
                "duration": 2,
                "state": "passed",
                "speed": "fast",
                "pass": true,
                "fail": false,
                "pending": false,
                "code": "testInvalidTemplate(invalid);",
                "err": {},
                "isRoot": false,
                "uuid": "929f8829-3171-4a6c-8d00-06ffaac1ea77",
                "isHook": false,
                "skipped": false
              },
              {
                "title": "\n      <template>\n        <div>\n          <img src=\"//wpimg.baidu.org/f778738c-e4f8-4870-b634-56703b4acafe.png?afefg\">\n        </div>\n      </template>\n    ",
                "fullTitle": "weiyi/vue-no-third-party-res invalid \n      <template>\n        <div>\n          <img src=\"//wpimg.baidu.org/f778738c-e4f8-4870-b634-56703b4acafe.png?afefg\">\n        </div>\n      </template>\n    ",
                "timedOut": false,
                "duration": 2,
                "state": "passed",
                "speed": "fast",
                "pass": true,
                "fail": false,
                "pending": false,
                "code": "testInvalidTemplate(invalid);",
                "err": {},
                "isRoot": false,
                "uuid": "ca337c31-500a-4309-bf72-fea1d218c1de",
                "isHook": false,
                "skipped": false
              },
              {
                "title": "\n      <template>\n        <div>\n          <span>https://wpimg.baidu.org/f778738c-e4f8-4870-b634-56703b4acafe.png#defg</span>\n        </div>\n      </template>\n    ",
                "fullTitle": "weiyi/vue-no-third-party-res invalid \n      <template>\n        <div>\n          <span>https://wpimg.baidu.org/f778738c-e4f8-4870-b634-56703b4acafe.png#defg</span>\n        </div>\n      </template>\n    ",
                "timedOut": false,
                "duration": 2,
                "state": "passed",
                "speed": "fast",
                "pass": true,
                "fail": false,
                "pending": false,
                "code": "testInvalidTemplate(invalid);",
                "err": {},
                "isRoot": false,
                "uuid": "4b4411b2-8dac-47ce-a487-4c8832a74a9e",
                "isHook": false,
                "skipped": false
              },
              {
                "title": "\n      <template>\n        <div>\n          <img src=\"https://wpimg.baidu.org/f778738c-e4f8-4870-b634-56703b4acafe.png#defg\">\n        </div>\n      </template>\n    ",
                "fullTitle": "weiyi/vue-no-third-party-res invalid \n      <template>\n        <div>\n          <img src=\"https://wpimg.baidu.org/f778738c-e4f8-4870-b634-56703b4acafe.png#defg\">\n        </div>\n      </template>\n    ",
                "timedOut": false,
                "duration": 8,
                "state": "passed",
                "speed": "fast",
                "pass": true,
                "fail": false,
                "pending": false,
                "code": "testInvalidTemplate(invalid);",
                "err": {},
                "isRoot": false,
                "uuid": "0f20b7b9-c6f8-40df-8864-ab2f57a81f22",
                "isHook": false,
                "skipped": false
              }
            ],
            "suites": [],
            "passes": [
              "62a850d5-0cc3-4a54-a69e-9422f3c42edd",
              "2c22684a-2a1e-4335-83b2-4b42e8522dea",
              "9826527f-baf1-4d72-94ff-f435f3cedf9e",
              "a3763aac-e405-435a-9c63-fcc3cc9fb807",
              "929f8829-3171-4a6c-8d00-06ffaac1ea77",
              "ca337c31-500a-4309-bf72-fea1d218c1de",
              "4b4411b2-8dac-47ce-a487-4c8832a74a9e",
              "0f20b7b9-c6f8-40df-8864-ab2f57a81f22"
            ],
            "failures": [],
            "pending": [],
            "skipped": [],
            "duration": 21,
            "root": false,
            "rootEmpty": false,
            "_timeout": 2000
          }
        ],
        "passes": [],
        "failures": [],
        "pending": [],
        "skipped": [],
        "duration": 0,
        "root": false,
        "rootEmpty": false,
        "_timeout": 2000
      },
      {
        "uuid": "1335397b-d4fa-4087-a09d-7cff01ffcf4f",
        "title": "vue-dead-protocol",
        "fullFile": "/home/travis/build/borenXue/eslint-plugin-lucky-monkey/tests/_index.js",
        "file": "/tests/_index.js",
        "beforeHooks": [],
        "afterHooks": [],
        "tests": [],
        "suites": [
          {
            "uuid": "c0a4f617-a8ad-47c0-9b0f-8600a5048f87",
            "title": "valid",
            "fullFile": "/home/travis/build/borenXue/eslint-plugin-lucky-monkey/tests/_index.js",
            "file": "/tests/_index.js",
            "beforeHooks": [],
            "afterHooks": [],
            "tests": [
              {
                "title": "\n      <template>\n        <div>\n          <img src=\"//a.b.com/def.gif\">\n        </div>\n      </template>\n    ",
                "fullTitle": "vue-dead-protocol valid \n      <template>\n        <div>\n          <img src=\"//a.b.com/def.gif\">\n        </div>\n      </template>\n    ",
                "timedOut": false,
                "duration": 2,
                "state": "passed",
                "speed": "fast",
                "pass": true,
                "fail": false,
                "pending": false,
                "code": "testValidTemplate(valid);",
                "err": {},
                "isRoot": false,
                "uuid": "8405e14e-d615-4a08-a028-fd2a9c65f9b1",
                "isHook": false,
                "skipped": false
              },
              {
                "title": "\n      <template>\n        <div>\n          <span>//a.b.com/def.gif</span>\n        </div>\n      </template>\n    ",
                "fullTitle": "vue-dead-protocol valid \n      <template>\n        <div>\n          <span>//a.b.com/def.gif</span>\n        </div>\n      </template>\n    ",
                "timedOut": false,
                "duration": 1,
                "state": "passed",
                "speed": "fast",
                "pass": true,
                "fail": false,
                "pending": false,
                "code": "testValidTemplate(valid);",
                "err": {},
                "isRoot": false,
                "uuid": "498dc9ce-6b53-4571-9784-d360a5a9edf6",
                "isHook": false,
                "skipped": false
              }
            ],
            "suites": [],
            "passes": [
              "8405e14e-d615-4a08-a028-fd2a9c65f9b1",
              "498dc9ce-6b53-4571-9784-d360a5a9edf6"
            ],
            "failures": [],
            "pending": [],
            "skipped": [],
            "duration": 3,
            "root": false,
            "rootEmpty": false,
            "_timeout": 2000
          },
          {
            "uuid": "f6df74f8-3fa6-45e4-8a4f-b88e0c665403",
            "title": "invalid",
            "fullFile": "/home/travis/build/borenXue/eslint-plugin-lucky-monkey/tests/_index.js",
            "file": "/tests/_index.js",
            "beforeHooks": [],
            "afterHooks": [],
            "tests": [
              {
                "title": "\n          <template>\n            <div>\n              <img src=\"http://a.b.com/def.gif\">\n            </div>\n          </template>\n        ",
                "fullTitle": "vue-dead-protocol invalid \n          <template>\n            <div>\n              <img src=\"http://a.b.com/def.gif\">\n            </div>\n          </template>\n        ",
                "timedOut": false,
                "duration": 2,
                "state": "passed",
                "speed": "fast",
                "pass": true,
                "fail": false,
                "pending": false,
                "code": "testInvalidTemplate(invalid);",
                "err": {},
                "isRoot": false,
                "uuid": "c7ad03e0-1dd2-4017-8dd0-1e07d9a07343",
                "isHook": false,
                "skipped": false
              },
              {
                "title": "\n          <template>\n            <div>\n              <span>https://a.b.com/def.gif</span>\n            </div>\n          </template>\n        ",
                "fullTitle": "vue-dead-protocol invalid \n          <template>\n            <div>\n              <span>https://a.b.com/def.gif</span>\n            </div>\n          </template>\n        ",
                "timedOut": false,
                "duration": 2,
                "state": "passed",
                "speed": "fast",
                "pass": true,
                "fail": false,
                "pending": false,
                "code": "testInvalidTemplate(invalid);",
                "err": {},
                "isRoot": false,
                "uuid": "4dcbc0cd-ca00-401b-8967-f0a6314f3b25",
                "isHook": false,
                "skipped": false
              }
            ],
            "suites": [],
            "passes": [
              "c7ad03e0-1dd2-4017-8dd0-1e07d9a07343",
              "4dcbc0cd-ca00-401b-8967-f0a6314f3b25"
            ],
            "failures": [],
            "pending": [],
            "skipped": [],
            "duration": 4,
            "root": false,
            "rootEmpty": false,
            "_timeout": 2000
          }
        ],
        "passes": [],
        "failures": [],
        "pending": [],
        "skipped": [],
        "duration": 0,
        "root": false,
        "rootEmpty": false,
        "_timeout": 2000
      }
    ],
    "passes": [],
    "failures": [],
    "pending": [],
    "skipped": [],
    "duration": 0,
    "root": true,
    "rootEmpty": true,
    "_timeout": 2000
  },
  "copyrightYear": 2019
}