{
  "stats": {
    "suites": 12,
    "tests": 610,
    "passes": 610,
    "pending": 0,
    "failures": 0,
    "start": "2019-01-29T11:05:23.829Z",
    "end": "2019-01-29T11:05:26.079Z",
    "duration": 2250,
    "testsRegistered": 610,
    "passPercent": 100,
    "pendingPercent": 0,
    "other": 0,
    "hasOther": false,
    "skipped": 0,
    "hasSkipped": false,
    "passPercentClass": "success",
    "pendingPercentClass": "danger"
  },
  "suites": {
    "uuid": "e67d9b84-e59f-4c3b-9263-2fd51c2e36d7",
    "title": "",
    "fullFile": "",
    "file": "",
    "beforeHooks": [],
    "afterHooks": [],
    "tests": [],
    "suites": [
      {
        "uuid": "8f2c0122-2274-4b51-bf2d-31c635c381e4",
        "title": "assert-hostname",
        "fullFile": "/home/travis/build/borenXue/eslint-plugin-lucky-monkey/tests/_index.js",
        "file": "/tests/_index.js",
        "beforeHooks": [],
        "afterHooks": [],
        "tests": [],
        "suites": [
          {
            "uuid": "d769be8e-1958-4c9e-9483-0fa5bc0f0885",
            "title": "valid",
            "fullFile": "/home/travis/build/borenXue/eslint-plugin-lucky-monkey/tests/_index.js",
            "file": "/tests/_index.js",
            "beforeHooks": [],
            "afterHooks": [],
            "tests": [
              {
                "title": "var a = '//www.google.com/a/b/c/file.gif';",
                "fullTitle": "assert-hostname valid var a = '//www.google.com/a/b/c/file.gif';",
                "timedOut": false,
                "duration": 81,
                "state": "passed",
                "speed": "slow",
                "pass": true,
                "fail": false,
                "pending": false,
                "code": "testValidTemplate(valid);",
                "err": {},
                "isRoot": false,
                "uuid": "f8c20abe-b240-4672-b91e-91ec8c90135a",
                "isHook": false,
                "skipped": false
              },
              {
                "title": "var a = `//www.google.com/a/b/c/file.gif`;",
                "fullTitle": "assert-hostname valid var a = `//www.google.com/a/b/c/file.gif`;",
                "timedOut": false,
                "duration": 5,
                "state": "passed",
                "speed": "fast",
                "pass": true,
                "fail": false,
                "pending": false,
                "code": "testValidTemplate(valid);",
                "err": {},
                "isRoot": false,
                "uuid": "d6938a27-f162-4d77-8c08-bdee9005e742",
                "isHook": false,
                "skipped": false
              },
              {
                "title": "var a = '//www.google.com/a/b/c/file.gif#afdefgs';",
                "fullTitle": "assert-hostname valid var a = '//www.google.com/a/b/c/file.gif#afdefgs';",
                "timedOut": false,
                "duration": 2,
                "state": "passed",
                "speed": "fast",
                "pass": true,
                "fail": false,
                "pending": false,
                "code": "testValidTemplate(valid);",
                "err": {},
                "isRoot": false,
                "uuid": "ebac487a-d3ab-42c5-b2ed-7e1e1bdd81a4",
                "isHook": false,
                "skipped": false
              },
              {
                "title": "var a = `//www.google.com/a/b/c/file.gif#afdefgs`;",
                "fullTitle": "assert-hostname valid var a = `//www.google.com/a/b/c/file.gif#afdefgs`;",
                "timedOut": false,
                "duration": 2,
                "state": "passed",
                "speed": "fast",
                "pass": true,
                "fail": false,
                "pending": false,
                "code": "testValidTemplate(valid);",
                "err": {},
                "isRoot": false,
                "uuid": "9b505804-3346-4bf9-8c9a-d06bfd09c98f",
                "isHook": false,
                "skipped": false
              },
              {
                "title": "var a = '//www.google.com/a/b/c/file.gif?xfdefg';",
                "fullTitle": "assert-hostname valid var a = '//www.google.com/a/b/c/file.gif?xfdefg';",
                "timedOut": false,
                "duration": 3,
                "state": "passed",
                "speed": "fast",
                "pass": true,
                "fail": false,
                "pending": false,
                "code": "testValidTemplate(valid);",
                "err": {},
                "isRoot": false,
                "uuid": "fba7a2e7-f0e9-4bf9-8bf6-8a43ea7636ce",
                "isHook": false,
                "skipped": false
              },
              {
                "title": "var a = `//www.google.com/a/b/c/file.gif?xfdefg`;",
                "fullTitle": "assert-hostname valid var a = `//www.google.com/a/b/c/file.gif?xfdefg`;",
                "timedOut": false,
                "duration": 3,
                "state": "passed",
                "speed": "fast",
                "pass": true,
                "fail": false,
                "pending": false,
                "code": "testValidTemplate(valid);",
                "err": {},
                "isRoot": false,
                "uuid": "5b21af54-aacf-4f1b-958c-617383585740",
                "isHook": false,
                "skipped": false
              },
              {
                "title": "var a = '//www.google.com/a/b/c/file.png';",
                "fullTitle": "assert-hostname valid var a = '//www.google.com/a/b/c/file.png';",
                "timedOut": false,
                "duration": 3,
                "state": "passed",
                "speed": "fast",
                "pass": true,
                "fail": false,
                "pending": false,
                "code": "testValidTemplate(valid);",
                "err": {},
                "isRoot": false,
                "uuid": "d0747176-90a9-4693-bc89-481494dcc502",
                "isHook": false,
                "skipped": false
              },
              {
                "title": "var a = `//www.google.com/a/b/c/file.png`;",
                "fullTitle": "assert-hostname valid var a = `//www.google.com/a/b/c/file.png`;",
                "timedOut": false,
                "duration": 3,
                "state": "passed",
                "speed": "fast",
                "pass": true,
                "fail": false,
                "pending": false,
                "code": "testValidTemplate(valid);",
                "err": {},
                "isRoot": false,
                "uuid": "07989e1f-2143-41a0-afe4-237d85ed1ebd",
                "isHook": false,
                "skipped": false
              },
              {
                "title": "var a = '//www.google.com/a/b/c/file.png#afdefgs';",
                "fullTitle": "assert-hostname valid var a = '//www.google.com/a/b/c/file.png#afdefgs';",
                "timedOut": false,
                "duration": 2,
                "state": "passed",
                "speed": "fast",
                "pass": true,
                "fail": false,
                "pending": false,
                "code": "testValidTemplate(valid);",
                "err": {},
                "isRoot": false,
                "uuid": "7596e071-44ac-4665-b052-216ca8f17657",
                "isHook": false,
                "skipped": false
              },
              {
                "title": "var a = `//www.google.com/a/b/c/file.png#afdefgs`;",
                "fullTitle": "assert-hostname valid var a = `//www.google.com/a/b/c/file.png#afdefgs`;",
                "timedOut": false,
                "duration": 3,
                "state": "passed",
                "speed": "fast",
                "pass": true,
                "fail": false,
                "pending": false,
                "code": "testValidTemplate(valid);",
                "err": {},
                "isRoot": false,
                "uuid": "e6113acc-4935-4a5e-b67f-3569f8de40a3",
                "isHook": false,
                "skipped": false
              },
              {
                "title": "var a = '//www.google.com/a/b/c/file.png?xfdefg';",
                "fullTitle": "assert-hostname valid var a = '//www.google.com/a/b/c/file.png?xfdefg';",
                "timedOut": false,
                "duration": 3,
                "state": "passed",
                "speed": "fast",
                "pass": true,
                "fail": false,
                "pending": false,
                "code": "testValidTemplate(valid);",
                "err": {},
                "isRoot": false,
                "uuid": "571efb46-16a7-42ac-88f7-37319f5e282a",
                "isHook": false,
                "skipped": false
              },
              {
                "title": "var a = `//www.google.com/a/b/c/file.png?xfdefg`;",
                "fullTitle": "assert-hostname valid var a = `//www.google.com/a/b/c/file.png?xfdefg`;",
                "timedOut": false,
                "duration": 2,
                "state": "passed",
                "speed": "fast",
                "pass": true,
                "fail": false,
                "pending": false,
                "code": "testValidTemplate(valid);",
                "err": {},
                "isRoot": false,
                "uuid": "0c5f062d-2c1a-480d-b5bf-3aa7630851a7",
                "isHook": false,
                "skipped": false
              },
              {
                "title": "var a = '//www.google.com/a/b/c/file.jpg';",
                "fullTitle": "assert-hostname valid var a = '//www.google.com/a/b/c/file.jpg';",
                "timedOut": false,
                "duration": 2,
                "state": "passed",
                "speed": "fast",
                "pass": true,
                "fail": false,
                "pending": false,
                "code": "testValidTemplate(valid);",
                "err": {},
                "isRoot": false,
                "uuid": "42392fea-5f66-4871-abb5-7d2df71777d2",
                "isHook": false,
                "skipped": false
              },
              {
                "title": "var a = `//www.google.com/a/b/c/file.jpg`;",
                "fullTitle": "assert-hostname valid var a = `//www.google.com/a/b/c/file.jpg`;",
                "timedOut": false,
                "duration": 3,
                "state": "passed",
                "speed": "fast",
                "pass": true,
                "fail": false,
                "pending": false,
                "code": "testValidTemplate(valid);",
                "err": {},
                "isRoot": false,
                "uuid": "322d8d78-1f99-4c59-8342-79eb707c0362",
                "isHook": false,
                "skipped": false
              },
              {
                "title": "var a = '//www.google.com/a/b/c/file.jpg#afdefgs';",
                "fullTitle": "assert-hostname valid var a = '//www.google.com/a/b/c/file.jpg#afdefgs';",
                "timedOut": false,
                "duration": 2,
                "state": "passed",
                "speed": "fast",
                "pass": true,
                "fail": false,
                "pending": false,
                "code": "testValidTemplate(valid);",
                "err": {},
                "isRoot": false,
                "uuid": "8fac3f52-c40d-4eda-babe-f1275456000b",
                "isHook": false,
                "skipped": false
              },
              {
                "title": "var a = `//www.google.com/a/b/c/file.jpg#afdefgs`;",
                "fullTitle": "assert-hostname valid var a = `//www.google.com/a/b/c/file.jpg#afdefgs`;",
                "timedOut": false,
                "duration": 2,
                "state": "passed",
                "speed": "fast",
                "pass": true,
                "fail": false,
                "pending": false,
                "code": "testValidTemplate(valid);",
                "err": {},
                "isRoot": false,
                "uuid": "bd3fe65e-2a18-49a6-b34e-d2825795b484",
                "isHook": false,
                "skipped": false
              },
              {
                "title": "var a = '//www.google.com/a/b/c/file.jpg?xfdefg';",
                "fullTitle": "assert-hostname valid var a = '//www.google.com/a/b/c/file.jpg?xfdefg';",
                "timedOut": false,
                "duration": 3,
                "state": "passed",
                "speed": "fast",
                "pass": true,
                "fail": false,
                "pending": false,
                "code": "testValidTemplate(valid);",
                "err": {},
                "isRoot": false,
                "uuid": "f5d25012-044c-4be7-934b-366f0cd95ed0",
                "isHook": false,
                "skipped": false
              },
              {
                "title": "var a = `//www.google.com/a/b/c/file.jpg?xfdefg`;",
                "fullTitle": "assert-hostname valid var a = `//www.google.com/a/b/c/file.jpg?xfdefg`;",
                "timedOut": false,
                "duration": 2,
                "state": "passed",
                "speed": "fast",
                "pass": true,
                "fail": false,
                "pending": false,
                "code": "testValidTemplate(valid);",
                "err": {},
                "isRoot": false,
                "uuid": "3df384b2-6fbf-40a8-b6cc-0c24736f37bb",
                "isHook": false,
                "skipped": false
              },
              {
                "title": "var a = '//www.google.com/a/b/c/file.jpeg';",
                "fullTitle": "assert-hostname valid var a = '//www.google.com/a/b/c/file.jpeg';",
                "timedOut": false,
                "duration": 6,
                "state": "passed",
                "speed": "fast",
                "pass": true,
                "fail": false,
                "pending": false,
                "code": "testValidTemplate(valid);",
                "err": {},
                "isRoot": false,
                "uuid": "0eba8c30-a616-41a7-89cb-2bb1a2c396e3",
                "isHook": false,
                "skipped": false
              },
              {
                "title": "var a = `//www.google.com/a/b/c/file.jpeg`;",
                "fullTitle": "assert-hostname valid var a = `//www.google.com/a/b/c/file.jpeg`;",
                "timedOut": false,
                "duration": 3,
                "state": "passed",
                "speed": "fast",
                "pass": true,
                "fail": false,
                "pending": false,
                "code": "testValidTemplate(valid);",
                "err": {},
                "isRoot": false,
                "uuid": "e093791c-788e-496b-b0cc-9d444543a7e5",
                "isHook": false,
                "skipped": false
              },
              {
                "title": "var a = '//www.google.com/a/b/c/file.jpeg#afdefgs';",
                "fullTitle": "assert-hostname valid var a = '//www.google.com/a/b/c/file.jpeg#afdefgs';",
                "timedOut": false,
                "duration": 2,
                "state": "passed",
                "speed": "fast",
                "pass": true,
                "fail": false,
                "pending": false,
                "code": "testValidTemplate(valid);",
                "err": {},
                "isRoot": false,
                "uuid": "7a3b255b-73eb-405a-aece-1b0bb4e2b174",
                "isHook": false,
                "skipped": false
              },
              {
                "title": "var a = `//www.google.com/a/b/c/file.jpeg#afdefgs`;",
                "fullTitle": "assert-hostname valid var a = `//www.google.com/a/b/c/file.jpeg#afdefgs`;",
                "timedOut": false,
                "duration": 2,
                "state": "passed",
                "speed": "fast",
                "pass": true,
                "fail": false,
                "pending": false,
                "code": "testValidTemplate(valid);",
                "err": {},
                "isRoot": false,
                "uuid": "aff3f1aa-d8b9-43ee-bbd1-1b13ccfccd40",
                "isHook": false,
                "skipped": false
              },
              {
                "title": "var a = '//www.google.com/a/b/c/file.jpeg?xfdefg';",
                "fullTitle": "assert-hostname valid var a = '//www.google.com/a/b/c/file.jpeg?xfdefg';",
                "timedOut": false,
                "duration": 3,
                "state": "passed",
                "speed": "fast",
                "pass": true,
                "fail": false,
                "pending": false,
                "code": "testValidTemplate(valid);",
                "err": {},
                "isRoot": false,
                "uuid": "69132815-ce54-4120-8ea1-f2c4769aa9da",
                "isHook": false,
                "skipped": false
              },
              {
                "title": "var a = `//www.google.com/a/b/c/file.jpeg?xfdefg`;",
                "fullTitle": "assert-hostname valid var a = `//www.google.com/a/b/c/file.jpeg?xfdefg`;",
                "timedOut": false,
                "duration": 2,
                "state": "passed",
                "speed": "fast",
                "pass": true,
                "fail": false,
                "pending": false,
                "code": "testValidTemplate(valid);",
                "err": {},
                "isRoot": false,
                "uuid": "8afea78f-f680-4bc2-b3ac-c661edfe5248",
                "isHook": false,
                "skipped": false
              },
              {
                "title": "var a = '//www.google.com/a/b/c/file.webp';",
                "fullTitle": "assert-hostname valid var a = '//www.google.com/a/b/c/file.webp';",
                "timedOut": false,
                "duration": 3,
                "state": "passed",
                "speed": "fast",
                "pass": true,
                "fail": false,
                "pending": false,
                "code": "testValidTemplate(valid);",
                "err": {},
                "isRoot": false,
                "uuid": "b344bb55-4b1a-431f-9998-252d95c549e6",
                "isHook": false,
                "skipped": false
              },
              {
                "title": "var a = `//www.google.com/a/b/c/file.webp`;",
                "fullTitle": "assert-hostname valid var a = `//www.google.com/a/b/c/file.webp`;",
                "timedOut": false,
                "duration": 3,
                "state": "passed",
                "speed": "fast",
                "pass": true,
                "fail": false,
                "pending": false,
                "code": "testValidTemplate(valid);",
                "err": {},
                "isRoot": false,
                "uuid": "1e879217-038d-4ceb-bb34-69d8521ff52e",
                "isHook": false,
                "skipped": false
              },
              {
                "title": "var a = '//www.google.com/a/b/c/file.webp#afdefgs';",
                "fullTitle": "assert-hostname valid var a = '//www.google.com/a/b/c/file.webp#afdefgs';",
                "timedOut": false,
                "duration": 2,
                "state": "passed",
                "speed": "fast",
                "pass": true,
                "fail": false,
                "pending": false,
                "code": "testValidTemplate(valid);",
                "err": {},
                "isRoot": false,
                "uuid": "40617f1e-034c-4a9b-8f99-d20be407b2a5",
                "isHook": false,
                "skipped": false
              },
              {
                "title": "var a = `//www.google.com/a/b/c/file.webp#afdefgs`;",
                "fullTitle": "assert-hostname valid var a = `//www.google.com/a/b/c/file.webp#afdefgs`;",
                "timedOut": false,
                "duration": 2,
                "state": "passed",
                "speed": "fast",
                "pass": true,
                "fail": false,
                "pending": false,
                "code": "testValidTemplate(valid);",
                "err": {},
                "isRoot": false,
                "uuid": "9345130d-b3ad-4a21-af3d-d4f51e1b1c8e",
                "isHook": false,
                "skipped": false
              },
              {
                "title": "var a = '//www.google.com/a/b/c/file.webp?xfdefg';",
                "fullTitle": "assert-hostname valid var a = '//www.google.com/a/b/c/file.webp?xfdefg';",
                "timedOut": false,
                "duration": 2,
                "state": "passed",
                "speed": "fast",
                "pass": true,
                "fail": false,
                "pending": false,
                "code": "testValidTemplate(valid);",
                "err": {},
                "isRoot": false,
                "uuid": "b71b1335-7e15-47b4-b18a-25d70f7dd9e2",
                "isHook": false,
                "skipped": false
              },
              {
                "title": "var a = `//www.google.com/a/b/c/file.webp?xfdefg`;",
                "fullTitle": "assert-hostname valid var a = `//www.google.com/a/b/c/file.webp?xfdefg`;",
                "timedOut": false,
                "duration": 2,
                "state": "passed",
                "speed": "fast",
                "pass": true,
                "fail": false,
                "pending": false,
                "code": "testValidTemplate(valid);",
                "err": {},
                "isRoot": false,
                "uuid": "89e78fb6-0064-4693-af09-91880f98988e",
                "isHook": false,
                "skipped": false
              },
              {
                "title": "var a = '//www.google.com/a/b/c/file.js';",
                "fullTitle": "assert-hostname valid var a = '//www.google.com/a/b/c/file.js';",
                "timedOut": false,
                "duration": 2,
                "state": "passed",
                "speed": "fast",
                "pass": true,
                "fail": false,
                "pending": false,
                "code": "testValidTemplate(valid);",
                "err": {},
                "isRoot": false,
                "uuid": "bf3773bf-36a3-4296-bb59-5b69b5009bb0",
                "isHook": false,
                "skipped": false
              },
              {
                "title": "var a = `//www.google.com/a/b/c/file.js`;",
                "fullTitle": "assert-hostname valid var a = `//www.google.com/a/b/c/file.js`;",
                "timedOut": false,
                "duration": 3,
                "state": "passed",
                "speed": "fast",
                "pass": true,
                "fail": false,
                "pending": false,
                "code": "testValidTemplate(valid);",
                "err": {},
                "isRoot": false,
                "uuid": "c8cd5cac-30e2-4320-994b-a6cf232af7d9",
                "isHook": false,
                "skipped": false
              },
              {
                "title": "var a = '//www.google.com/a/b/c/file.js#afdefgs';",
                "fullTitle": "assert-hostname valid var a = '//www.google.com/a/b/c/file.js#afdefgs';",
                "timedOut": false,
                "duration": 2,
                "state": "passed",
                "speed": "fast",
                "pass": true,
                "fail": false,
                "pending": false,
                "code": "testValidTemplate(valid);",
                "err": {},
                "isRoot": false,
                "uuid": "227fa72c-4df7-43ce-89fb-69eb801c87cc",
                "isHook": false,
                "skipped": false
              },
              {
                "title": "var a = `//www.google.com/a/b/c/file.js#afdefgs`;",
                "fullTitle": "assert-hostname valid var a = `//www.google.com/a/b/c/file.js#afdefgs`;",
                "timedOut": false,
                "duration": 1,
                "state": "passed",
                "speed": "fast",
                "pass": true,
                "fail": false,
                "pending": false,
                "code": "testValidTemplate(valid);",
                "err": {},
                "isRoot": false,
                "uuid": "a3fba83a-c1b4-4023-9c17-2f6eb805c935",
                "isHook": false,
                "skipped": false
              },
              {
                "title": "var a = '//www.google.com/a/b/c/file.js?xfdefg';",
                "fullTitle": "assert-hostname valid var a = '//www.google.com/a/b/c/file.js?xfdefg';",
                "timedOut": false,
                "duration": 2,
                "state": "passed",
                "speed": "fast",
                "pass": true,
                "fail": false,
                "pending": false,
                "code": "testValidTemplate(valid);",
                "err": {},
                "isRoot": false,
                "uuid": "6c844822-57ff-4ae1-8302-7c8c929e3af3",
                "isHook": false,
                "skipped": false
              },
              {
                "title": "var a = `//www.google.com/a/b/c/file.js?xfdefg`;",
                "fullTitle": "assert-hostname valid var a = `//www.google.com/a/b/c/file.js?xfdefg`;",
                "timedOut": false,
                "duration": 2,
                "state": "passed",
                "speed": "fast",
                "pass": true,
                "fail": false,
                "pending": false,
                "code": "testValidTemplate(valid);",
                "err": {},
                "isRoot": false,
                "uuid": "ac16b895-6d05-461c-b6e4-369094e60635",
                "isHook": false,
                "skipped": false
              },
              {
                "title": "var a = '//www.google.com/a/b/c/file.css';",
                "fullTitle": "assert-hostname valid var a = '//www.google.com/a/b/c/file.css';",
                "timedOut": false,
                "duration": 5,
                "state": "passed",
                "speed": "fast",
                "pass": true,
                "fail": false,
                "pending": false,
                "code": "testValidTemplate(valid);",
                "err": {},
                "isRoot": false,
                "uuid": "e1ddf0c8-1252-4503-b49e-61818131ac49",
                "isHook": false,
                "skipped": false
              },
              {
                "title": "var a = `//www.google.com/a/b/c/file.css`;",
                "fullTitle": "assert-hostname valid var a = `//www.google.com/a/b/c/file.css`;",
                "timedOut": false,
                "duration": 2,
                "state": "passed",
                "speed": "fast",
                "pass": true,
                "fail": false,
                "pending": false,
                "code": "testValidTemplate(valid);",
                "err": {},
                "isRoot": false,
                "uuid": "166ce6b2-1060-4adb-84a7-3661ccb4f370",
                "isHook": false,
                "skipped": false
              },
              {
                "title": "var a = '//www.google.com/a/b/c/file.css#afdefgs';",
                "fullTitle": "assert-hostname valid var a = '//www.google.com/a/b/c/file.css#afdefgs';",
                "timedOut": false,
                "duration": 2,
                "state": "passed",
                "speed": "fast",
                "pass": true,
                "fail": false,
                "pending": false,
                "code": "testValidTemplate(valid);",
                "err": {},
                "isRoot": false,
                "uuid": "ba0a0df4-13c0-4cbf-9dbc-d9da852d58f4",
                "isHook": false,
                "skipped": false
              },
              {
                "title": "var a = `//www.google.com/a/b/c/file.css#afdefgs`;",
                "fullTitle": "assert-hostname valid var a = `//www.google.com/a/b/c/file.css#afdefgs`;",
                "timedOut": false,
                "duration": 2,
                "state": "passed",
                "speed": "fast",
                "pass": true,
                "fail": false,
                "pending": false,
                "code": "testValidTemplate(valid);",
                "err": {},
                "isRoot": false,
                "uuid": "b644aeb3-f177-486f-b3b9-5d87fc367615",
                "isHook": false,
                "skipped": false
              },
              {
                "title": "var a = '//www.google.com/a/b/c/file.css?xfdefg';",
                "fullTitle": "assert-hostname valid var a = '//www.google.com/a/b/c/file.css?xfdefg';",
                "timedOut": false,
                "duration": 2,
                "state": "passed",
                "speed": "fast",
                "pass": true,
                "fail": false,
                "pending": false,
                "code": "testValidTemplate(valid);",
                "err": {},
                "isRoot": false,
                "uuid": "2baddf0d-7851-488a-9cf9-1f774ee21197",
                "isHook": false,
                "skipped": false
              },
              {
                "title": "var a = `//www.google.com/a/b/c/file.css?xfdefg`;",
                "fullTitle": "assert-hostname valid var a = `//www.google.com/a/b/c/file.css?xfdefg`;",
                "timedOut": false,
                "duration": 2,
                "state": "passed",
                "speed": "fast",
                "pass": true,
                "fail": false,
                "pending": false,
                "code": "testValidTemplate(valid);",
                "err": {},
                "isRoot": false,
                "uuid": "9eb5bc4c-dd77-40f2-a8de-0e0b1cf05dd6",
                "isHook": false,
                "skipped": false
              },
              {
                "title": "var a = '//www.google.com/a/b/c/file.json';",
                "fullTitle": "assert-hostname valid var a = '//www.google.com/a/b/c/file.json';",
                "timedOut": false,
                "duration": 4,
                "state": "passed",
                "speed": "fast",
                "pass": true,
                "fail": false,
                "pending": false,
                "code": "testValidTemplate(valid);",
                "err": {},
                "isRoot": false,
                "uuid": "7ec5a3d4-f1e0-43b8-8538-83df54a3523d",
                "isHook": false,
                "skipped": false
              },
              {
                "title": "var a = `//www.google.com/a/b/c/file.json`;",
                "fullTitle": "assert-hostname valid var a = `//www.google.com/a/b/c/file.json`;",
                "timedOut": false,
                "duration": 2,
                "state": "passed",
                "speed": "fast",
                "pass": true,
                "fail": false,
                "pending": false,
                "code": "testValidTemplate(valid);",
                "err": {},
                "isRoot": false,
                "uuid": "2ff1c3dd-eb71-41f3-88fe-5ab5ce54f4ee",
                "isHook": false,
                "skipped": false
              },
              {
                "title": "var a = '//www.google.com/a/b/c/file.json#afdefgs';",
                "fullTitle": "assert-hostname valid var a = '//www.google.com/a/b/c/file.json#afdefgs';",
                "timedOut": false,
                "duration": 2,
                "state": "passed",
                "speed": "fast",
                "pass": true,
                "fail": false,
                "pending": false,
                "code": "testValidTemplate(valid);",
                "err": {},
                "isRoot": false,
                "uuid": "fe17bef3-2a3d-41b5-bf7c-c84a0bbd1f14",
                "isHook": false,
                "skipped": false
              },
              {
                "title": "var a = `//www.google.com/a/b/c/file.json#afdefgs`;",
                "fullTitle": "assert-hostname valid var a = `//www.google.com/a/b/c/file.json#afdefgs`;",
                "timedOut": false,
                "duration": 11,
                "state": "passed",
                "speed": "fast",
                "pass": true,
                "fail": false,
                "pending": false,
                "code": "testValidTemplate(valid);",
                "err": {},
                "isRoot": false,
                "uuid": "812f6b71-2867-4921-b885-d1c5755f420f",
                "isHook": false,
                "skipped": false
              },
              {
                "title": "var a = '//www.google.com/a/b/c/file.json?xfdefg';",
                "fullTitle": "assert-hostname valid var a = '//www.google.com/a/b/c/file.json?xfdefg';",
                "timedOut": false,
                "duration": 2,
                "state": "passed",
                "speed": "fast",
                "pass": true,
                "fail": false,
                "pending": false,
                "code": "testValidTemplate(valid);",
                "err": {},
                "isRoot": false,
                "uuid": "147c467f-d3ea-46cd-9e0c-d73ba403e95c",
                "isHook": false,
                "skipped": false
              },
              {
                "title": "var a = `//www.google.com/a/b/c/file.json?xfdefg`;",
                "fullTitle": "assert-hostname valid var a = `//www.google.com/a/b/c/file.json?xfdefg`;",
                "timedOut": false,
                "duration": 3,
                "state": "passed",
                "speed": "fast",
                "pass": true,
                "fail": false,
                "pending": false,
                "code": "testValidTemplate(valid);",
                "err": {},
                "isRoot": false,
                "uuid": "e8ddfdda-d1fb-4b26-838a-9a79bec8c484",
                "isHook": false,
                "skipped": false
              },
              {
                "title": "var a = '//www.google.cn/a/b/c/file.gif';",
                "fullTitle": "assert-hostname valid var a = '//www.google.cn/a/b/c/file.gif';",
                "timedOut": false,
                "duration": 5,
                "state": "passed",
                "speed": "fast",
                "pass": true,
                "fail": false,
                "pending": false,
                "code": "testValidTemplate(valid);",
                "err": {},
                "isRoot": false,
                "uuid": "fe10994c-acad-40ec-a635-4e9444b75be1",
                "isHook": false,
                "skipped": false
              },
              {
                "title": "var a = `//www.google.cn/a/b/c/file.gif`;",
                "fullTitle": "assert-hostname valid var a = `//www.google.cn/a/b/c/file.gif`;",
                "timedOut": false,
                "duration": 3,
                "state": "passed",
                "speed": "fast",
                "pass": true,
                "fail": false,
                "pending": false,
                "code": "testValidTemplate(valid);",
                "err": {},
                "isRoot": false,
                "uuid": "a053fd0d-b9ac-445e-a569-e1034ec4f6d8",
                "isHook": false,
                "skipped": false
              },
              {
                "title": "var a = '//www.google.cn/a/b/c/file.gif#afdefgs';",
                "fullTitle": "assert-hostname valid var a = '//www.google.cn/a/b/c/file.gif#afdefgs';",
                "timedOut": false,
                "duration": 3,
                "state": "passed",
                "speed": "fast",
                "pass": true,
                "fail": false,
                "pending": false,
                "code": "testValidTemplate(valid);",
                "err": {},
                "isRoot": false,
                "uuid": "c79aeeb8-b6b8-45c6-b73c-98252e121c79",
                "isHook": false,
                "skipped": false
              },
              {
                "title": "var a = `//www.google.cn/a/b/c/file.gif#afdefgs`;",
                "fullTitle": "assert-hostname valid var a = `//www.google.cn/a/b/c/file.gif#afdefgs`;",
                "timedOut": false,
                "duration": 15,
                "state": "passed",
                "speed": "fast",
                "pass": true,
                "fail": false,
                "pending": false,
                "code": "testValidTemplate(valid);",
                "err": {},
                "isRoot": false,
                "uuid": "2e0540c5-b7f2-43cd-ac40-e0effe271ed5",
                "isHook": false,
                "skipped": false
              },
              {
                "title": "var a = '//www.google.cn/a/b/c/file.gif?xfdefg';",
                "fullTitle": "assert-hostname valid var a = '//www.google.cn/a/b/c/file.gif?xfdefg';",
                "timedOut": false,
                "duration": 11,
                "state": "passed",
                "speed": "fast",
                "pass": true,
                "fail": false,
                "pending": false,
                "code": "testValidTemplate(valid);",
                "err": {},
                "isRoot": false,
                "uuid": "a723bfee-1f66-47bf-8ea2-debe3835e350",
                "isHook": false,
                "skipped": false
              },
              {
                "title": "var a = `//www.google.cn/a/b/c/file.gif?xfdefg`;",
                "fullTitle": "assert-hostname valid var a = `//www.google.cn/a/b/c/file.gif?xfdefg`;",
                "timedOut": false,
                "duration": 3,
                "state": "passed",
                "speed": "fast",
                "pass": true,
                "fail": false,
                "pending": false,
                "code": "testValidTemplate(valid);",
                "err": {},
                "isRoot": false,
                "uuid": "c11aed71-aa87-4cf0-bb3b-d4c16c81315e",
                "isHook": false,
                "skipped": false
              },
              {
                "title": "var a = '//www.google.cn/a/b/c/file.png';",
                "fullTitle": "assert-hostname valid var a = '//www.google.cn/a/b/c/file.png';",
                "timedOut": false,
                "duration": 3,
                "state": "passed",
                "speed": "fast",
                "pass": true,
                "fail": false,
                "pending": false,
                "code": "testValidTemplate(valid);",
                "err": {},
                "isRoot": false,
                "uuid": "9384c1bc-260b-4876-a154-9ac8cabdc13e",
                "isHook": false,
                "skipped": false
              },
              {
                "title": "var a = `//www.google.cn/a/b/c/file.png`;",
                "fullTitle": "assert-hostname valid var a = `//www.google.cn/a/b/c/file.png`;",
                "timedOut": false,
                "duration": 2,
                "state": "passed",
                "speed": "fast",
                "pass": true,
                "fail": false,
                "pending": false,
                "code": "testValidTemplate(valid);",
                "err": {},
                "isRoot": false,
                "uuid": "9c82bf01-f81f-47a5-a025-dec8993cca0e",
                "isHook": false,
                "skipped": false
              },
              {
                "title": "var a = '//www.google.cn/a/b/c/file.png#afdefgs';",
                "fullTitle": "assert-hostname valid var a = '//www.google.cn/a/b/c/file.png#afdefgs';",
                "timedOut": false,
                "duration": 3,
                "state": "passed",
                "speed": "fast",
                "pass": true,
                "fail": false,
                "pending": false,
                "code": "testValidTemplate(valid);",
                "err": {},
                "isRoot": false,
                "uuid": "b514ce3b-81be-49bc-8cc6-95e3f1a98410",
                "isHook": false,
                "skipped": false
              },
              {
                "title": "var a = `//www.google.cn/a/b/c/file.png#afdefgs`;",
                "fullTitle": "assert-hostname valid var a = `//www.google.cn/a/b/c/file.png#afdefgs`;",
                "timedOut": false,
                "duration": 2,
                "state": "passed",
                "speed": "fast",
                "pass": true,
                "fail": false,
                "pending": false,
                "code": "testValidTemplate(valid);",
                "err": {},
                "isRoot": false,
                "uuid": "5c0698c3-fc93-41be-9112-ba8917735c59",
                "isHook": false,
                "skipped": false
              },
              {
                "title": "var a = '//www.google.cn/a/b/c/file.png?xfdefg';",
                "fullTitle": "assert-hostname valid var a = '//www.google.cn/a/b/c/file.png?xfdefg';",
                "timedOut": false,
                "duration": 2,
                "state": "passed",
                "speed": "fast",
                "pass": true,
                "fail": false,
                "pending": false,
                "code": "testValidTemplate(valid);",
                "err": {},
                "isRoot": false,
                "uuid": "b2665869-4760-429d-b2f2-44e6efbba92a",
                "isHook": false,
                "skipped": false
              },
              {
                "title": "var a = `//www.google.cn/a/b/c/file.png?xfdefg`;",
                "fullTitle": "assert-hostname valid var a = `//www.google.cn/a/b/c/file.png?xfdefg`;",
                "timedOut": false,
                "duration": 2,
                "state": "passed",
                "speed": "fast",
                "pass": true,
                "fail": false,
                "pending": false,
                "code": "testValidTemplate(valid);",
                "err": {},
                "isRoot": false,
                "uuid": "b1bd2064-18d4-4aec-bb37-06e2e295e916",
                "isHook": false,
                "skipped": false
              },
              {
                "title": "var a = '//www.google.cn/a/b/c/file.jpg';",
                "fullTitle": "assert-hostname valid var a = '//www.google.cn/a/b/c/file.jpg';",
                "timedOut": false,
                "duration": 2,
                "state": "passed",
                "speed": "fast",
                "pass": true,
                "fail": false,
                "pending": false,
                "code": "testValidTemplate(valid);",
                "err": {},
                "isRoot": false,
                "uuid": "c8c68201-4b26-4996-bf10-615d507a0555",
                "isHook": false,
                "skipped": false
              },
              {
                "title": "var a = `//www.google.cn/a/b/c/file.jpg`;",
                "fullTitle": "assert-hostname valid var a = `//www.google.cn/a/b/c/file.jpg`;",
                "timedOut": false,
                "duration": 2,
                "state": "passed",
                "speed": "fast",
                "pass": true,
                "fail": false,
                "pending": false,
                "code": "testValidTemplate(valid);",
                "err": {},
                "isRoot": false,
                "uuid": "5898db3b-a798-4b88-867a-164fc3b0c338",
                "isHook": false,
                "skipped": false
              },
              {
                "title": "var a = '//www.google.cn/a/b/c/file.jpg#afdefgs';",
                "fullTitle": "assert-hostname valid var a = '//www.google.cn/a/b/c/file.jpg#afdefgs';",
                "timedOut": false,
                "duration": 2,
                "state": "passed",
                "speed": "fast",
                "pass": true,
                "fail": false,
                "pending": false,
                "code": "testValidTemplate(valid);",
                "err": {},
                "isRoot": false,
                "uuid": "b96ac3e3-4117-450f-b4b5-a9c726c618a4",
                "isHook": false,
                "skipped": false
              },
              {
                "title": "var a = `//www.google.cn/a/b/c/file.jpg#afdefgs`;",
                "fullTitle": "assert-hostname valid var a = `//www.google.cn/a/b/c/file.jpg#afdefgs`;",
                "timedOut": false,
                "duration": 1,
                "state": "passed",
                "speed": "fast",
                "pass": true,
                "fail": false,
                "pending": false,
                "code": "testValidTemplate(valid);",
                "err": {},
                "isRoot": false,
                "uuid": "7de7c87b-63af-4d34-96b8-f21e056a41df",
                "isHook": false,
                "skipped": false
              },
              {
                "title": "var a = '//www.google.cn/a/b/c/file.jpg?xfdefg';",
                "fullTitle": "assert-hostname valid var a = '//www.google.cn/a/b/c/file.jpg?xfdefg';",
                "timedOut": false,
                "duration": 1,
                "state": "passed",
                "speed": "fast",
                "pass": true,
                "fail": false,
                "pending": false,
                "code": "testValidTemplate(valid);",
                "err": {},
                "isRoot": false,
                "uuid": "3329f484-0ade-43e1-8ae8-fe72ab00e8df",
                "isHook": false,
                "skipped": false
              },
              {
                "title": "var a = `//www.google.cn/a/b/c/file.jpg?xfdefg`;",
                "fullTitle": "assert-hostname valid var a = `//www.google.cn/a/b/c/file.jpg?xfdefg`;",
                "timedOut": false,
                "duration": 2,
                "state": "passed",
                "speed": "fast",
                "pass": true,
                "fail": false,
                "pending": false,
                "code": "testValidTemplate(valid);",
                "err": {},
                "isRoot": false,
                "uuid": "c500a88e-74ca-4f29-a891-e087466c17c2",
                "isHook": false,
                "skipped": false
              },
              {
                "title": "var a = '//www.google.cn/a/b/c/file.jpeg';",
                "fullTitle": "assert-hostname valid var a = '//www.google.cn/a/b/c/file.jpeg';",
                "timedOut": false,
                "duration": 2,
                "state": "passed",
                "speed": "fast",
                "pass": true,
                "fail": false,
                "pending": false,
                "code": "testValidTemplate(valid);",
                "err": {},
                "isRoot": false,
                "uuid": "ce8a6999-0c7f-4c80-b812-28dbd91a31fc",
                "isHook": false,
                "skipped": false
              },
              {
                "title": "var a = `//www.google.cn/a/b/c/file.jpeg`;",
                "fullTitle": "assert-hostname valid var a = `//www.google.cn/a/b/c/file.jpeg`;",
                "timedOut": false,
                "duration": 2,
                "state": "passed",
                "speed": "fast",
                "pass": true,
                "fail": false,
                "pending": false,
                "code": "testValidTemplate(valid);",
                "err": {},
                "isRoot": false,
                "uuid": "2daa84be-c8a1-455e-bfb7-488a28d00033",
                "isHook": false,
                "skipped": false
              },
              {
                "title": "var a = '//www.google.cn/a/b/c/file.jpeg#afdefgs';",
                "fullTitle": "assert-hostname valid var a = '//www.google.cn/a/b/c/file.jpeg#afdefgs';",
                "timedOut": false,
                "duration": 2,
                "state": "passed",
                "speed": "fast",
                "pass": true,
                "fail": false,
                "pending": false,
                "code": "testValidTemplate(valid);",
                "err": {},
                "isRoot": false,
                "uuid": "68a72e68-d31c-4f8a-ae94-71fa9da45111",
                "isHook": false,
                "skipped": false
              },
              {
                "title": "var a = `//www.google.cn/a/b/c/file.jpeg#afdefgs`;",
                "fullTitle": "assert-hostname valid var a = `//www.google.cn/a/b/c/file.jpeg#afdefgs`;",
                "timedOut": false,
                "duration": 2,
                "state": "passed",
                "speed": "fast",
                "pass": true,
                "fail": false,
                "pending": false,
                "code": "testValidTemplate(valid);",
                "err": {},
                "isRoot": false,
                "uuid": "e72fda62-1d88-4b20-adb1-5a6c74ece63b",
                "isHook": false,
                "skipped": false
              },
              {
                "title": "var a = '//www.google.cn/a/b/c/file.jpeg?xfdefg';",
                "fullTitle": "assert-hostname valid var a = '//www.google.cn/a/b/c/file.jpeg?xfdefg';",
                "timedOut": false,
                "duration": 6,
                "state": "passed",
                "speed": "fast",
                "pass": true,
                "fail": false,
                "pending": false,
                "code": "testValidTemplate(valid);",
                "err": {},
                "isRoot": false,
                "uuid": "94054fc1-15b7-4132-9d45-2d2f12398e66",
                "isHook": false,
                "skipped": false
              },
              {
                "title": "var a = `//www.google.cn/a/b/c/file.jpeg?xfdefg`;",
                "fullTitle": "assert-hostname valid var a = `//www.google.cn/a/b/c/file.jpeg?xfdefg`;",
                "timedOut": false,
                "duration": 3,
                "state": "passed",
                "speed": "fast",
                "pass": true,
                "fail": false,
                "pending": false,
                "code": "testValidTemplate(valid);",
                "err": {},
                "isRoot": false,
                "uuid": "8088b4c7-13db-4f74-812c-c9ae94f9e91d",
                "isHook": false,
                "skipped": false
              },
              {
                "title": "var a = '//www.google.cn/a/b/c/file.webp';",
                "fullTitle": "assert-hostname valid var a = '//www.google.cn/a/b/c/file.webp';",
                "timedOut": false,
                "duration": 9,
                "state": "passed",
                "speed": "fast",
                "pass": true,
                "fail": false,
                "pending": false,
                "code": "testValidTemplate(valid);",
                "err": {},
                "isRoot": false,
                "uuid": "f140b45a-2708-447b-b8c5-c4dd48ff833f",
                "isHook": false,
                "skipped": false
              },
              {
                "title": "var a = `//www.google.cn/a/b/c/file.webp`;",
                "fullTitle": "assert-hostname valid var a = `//www.google.cn/a/b/c/file.webp`;",
                "timedOut": false,
                "duration": 2,
                "state": "passed",
                "speed": "fast",
                "pass": true,
                "fail": false,
                "pending": false,
                "code": "testValidTemplate(valid);",
                "err": {},
                "isRoot": false,
                "uuid": "5bab8c7d-1259-4e7f-b518-5fe975d61e7b",
                "isHook": false,
                "skipped": false
              },
              {
                "title": "var a = '//www.google.cn/a/b/c/file.webp#afdefgs';",
                "fullTitle": "assert-hostname valid var a = '//www.google.cn/a/b/c/file.webp#afdefgs';",
                "timedOut": false,
                "duration": 3,
                "state": "passed",
                "speed": "fast",
                "pass": true,
                "fail": false,
                "pending": false,
                "code": "testValidTemplate(valid);",
                "err": {},
                "isRoot": false,
                "uuid": "0a982c6d-a1c3-4d6e-ab5e-30e88e28bcf5",
                "isHook": false,
                "skipped": false
              },
              {
                "title": "var a = `//www.google.cn/a/b/c/file.webp#afdefgs`;",
                "fullTitle": "assert-hostname valid var a = `//www.google.cn/a/b/c/file.webp#afdefgs`;",
                "timedOut": false,
                "duration": 3,
                "state": "passed",
                "speed": "fast",
                "pass": true,
                "fail": false,
                "pending": false,
                "code": "testValidTemplate(valid);",
                "err": {},
                "isRoot": false,
                "uuid": "e79c851f-ebd6-445c-a868-ff0bc496c923",
                "isHook": false,
                "skipped": false
              },
              {
                "title": "var a = '//www.google.cn/a/b/c/file.webp?xfdefg';",
                "fullTitle": "assert-hostname valid var a = '//www.google.cn/a/b/c/file.webp?xfdefg';",
                "timedOut": false,
                "duration": 9,
                "state": "passed",
                "speed": "fast",
                "pass": true,
                "fail": false,
                "pending": false,
                "code": "testValidTemplate(valid);",
                "err": {},
                "isRoot": false,
                "uuid": "6dea6165-9140-4f1b-9938-435867866286",
                "isHook": false,
                "skipped": false
              },
              {
                "title": "var a = `//www.google.cn/a/b/c/file.webp?xfdefg`;",
                "fullTitle": "assert-hostname valid var a = `//www.google.cn/a/b/c/file.webp?xfdefg`;",
                "timedOut": false,
                "duration": 3,
                "state": "passed",
                "speed": "fast",
                "pass": true,
                "fail": false,
                "pending": false,
                "code": "testValidTemplate(valid);",
                "err": {},
                "isRoot": false,
                "uuid": "8697d599-8f0f-45d1-a372-a6d024391949",
                "isHook": false,
                "skipped": false
              },
              {
                "title": "var a = '//www.google.cn/a/b/c/file.js';",
                "fullTitle": "assert-hostname valid var a = '//www.google.cn/a/b/c/file.js';",
                "timedOut": false,
                "duration": 3,
                "state": "passed",
                "speed": "fast",
                "pass": true,
                "fail": false,
                "pending": false,
                "code": "testValidTemplate(valid);",
                "err": {},
                "isRoot": false,
                "uuid": "d2dd9181-16c0-4067-aed3-fed75b72abdf",
                "isHook": false,
                "skipped": false
              },
              {
                "title": "var a = `//www.google.cn/a/b/c/file.js`;",
                "fullTitle": "assert-hostname valid var a = `//www.google.cn/a/b/c/file.js`;",
                "timedOut": false,
                "duration": 1,
                "state": "passed",
                "speed": "fast",
                "pass": true,
                "fail": false,
                "pending": false,
                "code": "testValidTemplate(valid);",
                "err": {},
                "isRoot": false,
                "uuid": "34f8b62d-63f7-4a5b-b25e-f077554b90ae",
                "isHook": false,
                "skipped": false
              },
              {
                "title": "var a = '//www.google.cn/a/b/c/file.js#afdefgs';",
                "fullTitle": "assert-hostname valid var a = '//www.google.cn/a/b/c/file.js#afdefgs';",
                "timedOut": false,
                "duration": 1,
                "state": "passed",
                "speed": "fast",
                "pass": true,
                "fail": false,
                "pending": false,
                "code": "testValidTemplate(valid);",
                "err": {},
                "isRoot": false,
                "uuid": "5ca495e7-58cf-433d-bad2-a1463ea32df8",
                "isHook": false,
                "skipped": false
              },
              {
                "title": "var a = `//www.google.cn/a/b/c/file.js#afdefgs`;",
                "fullTitle": "assert-hostname valid var a = `//www.google.cn/a/b/c/file.js#afdefgs`;",
                "timedOut": false,
                "duration": 1,
                "state": "passed",
                "speed": "fast",
                "pass": true,
                "fail": false,
                "pending": false,
                "code": "testValidTemplate(valid);",
                "err": {},
                "isRoot": false,
                "uuid": "526645e5-9db5-4fd6-b69b-070231874aa8",
                "isHook": false,
                "skipped": false
              },
              {
                "title": "var a = '//www.google.cn/a/b/c/file.js?xfdefg';",
                "fullTitle": "assert-hostname valid var a = '//www.google.cn/a/b/c/file.js?xfdefg';",
                "timedOut": false,
                "duration": 1,
                "state": "passed",
                "speed": "fast",
                "pass": true,
                "fail": false,
                "pending": false,
                "code": "testValidTemplate(valid);",
                "err": {},
                "isRoot": false,
                "uuid": "85592616-8eff-4d93-950d-e47c5abbd186",
                "isHook": false,
                "skipped": false
              },
              {
                "title": "var a = `//www.google.cn/a/b/c/file.js?xfdefg`;",
                "fullTitle": "assert-hostname valid var a = `//www.google.cn/a/b/c/file.js?xfdefg`;",
                "timedOut": false,
                "duration": 3,
                "state": "passed",
                "speed": "fast",
                "pass": true,
                "fail": false,
                "pending": false,
                "code": "testValidTemplate(valid);",
                "err": {},
                "isRoot": false,
                "uuid": "7a50514f-33e6-4f35-b055-5d764021042e",
                "isHook": false,
                "skipped": false
              },
              {
                "title": "var a = '//www.google.cn/a/b/c/file.css';",
                "fullTitle": "assert-hostname valid var a = '//www.google.cn/a/b/c/file.css';",
                "timedOut": false,
                "duration": 1,
                "state": "passed",
                "speed": "fast",
                "pass": true,
                "fail": false,
                "pending": false,
                "code": "testValidTemplate(valid);",
                "err": {},
                "isRoot": false,
                "uuid": "0041fb1e-f858-4424-8b01-9f53c66116f8",
                "isHook": false,
                "skipped": false
              },
              {
                "title": "var a = `//www.google.cn/a/b/c/file.css`;",
                "fullTitle": "assert-hostname valid var a = `//www.google.cn/a/b/c/file.css`;",
                "timedOut": false,
                "duration": 1,
                "state": "passed",
                "speed": "fast",
                "pass": true,
                "fail": false,
                "pending": false,
                "code": "testValidTemplate(valid);",
                "err": {},
                "isRoot": false,
                "uuid": "131c6db9-581a-4f98-9299-6ead05ce0d55",
                "isHook": false,
                "skipped": false
              },
              {
                "title": "var a = '//www.google.cn/a/b/c/file.css#afdefgs';",
                "fullTitle": "assert-hostname valid var a = '//www.google.cn/a/b/c/file.css#afdefgs';",
                "timedOut": false,
                "duration": 1,
                "state": "passed",
                "speed": "fast",
                "pass": true,
                "fail": false,
                "pending": false,
                "code": "testValidTemplate(valid);",
                "err": {},
                "isRoot": false,
                "uuid": "47f2d15c-cf1c-4bab-85af-2d0966ad7df3",
                "isHook": false,
                "skipped": false
              },
              {
                "title": "var a = `//www.google.cn/a/b/c/file.css#afdefgs`;",
                "fullTitle": "assert-hostname valid var a = `//www.google.cn/a/b/c/file.css#afdefgs`;",
                "timedOut": false,
                "duration": 2,
                "state": "passed",
                "speed": "fast",
                "pass": true,
                "fail": false,
                "pending": false,
                "code": "testValidTemplate(valid);",
                "err": {},
                "isRoot": false,
                "uuid": "a0917103-fb04-4ed9-9327-096282a8dec9",
                "isHook": false,
                "skipped": false
              },
              {
                "title": "var a = '//www.google.cn/a/b/c/file.css?xfdefg';",
                "fullTitle": "assert-hostname valid var a = '//www.google.cn/a/b/c/file.css?xfdefg';",
                "timedOut": false,
                "duration": 1,
                "state": "passed",
                "speed": "fast",
                "pass": true,
                "fail": false,
                "pending": false,
                "code": "testValidTemplate(valid);",
                "err": {},
                "isRoot": false,
                "uuid": "09cd77a0-9764-4601-b04c-533202aaa3b4",
                "isHook": false,
                "skipped": false
              },
              {
                "title": "var a = `//www.google.cn/a/b/c/file.css?xfdefg`;",
                "fullTitle": "assert-hostname valid var a = `//www.google.cn/a/b/c/file.css?xfdefg`;",
                "timedOut": false,
                "duration": 2,
                "state": "passed",
                "speed": "fast",
                "pass": true,
                "fail": false,
                "pending": false,
                "code": "testValidTemplate(valid);",
                "err": {},
                "isRoot": false,
                "uuid": "2fee1f12-0d70-4773-9c49-7464bf36fc5f",
                "isHook": false,
                "skipped": false
              },
              {
                "title": "var a = '//www.google.cn/a/b/c/file.json';",
                "fullTitle": "assert-hostname valid var a = '//www.google.cn/a/b/c/file.json';",
                "timedOut": false,
                "duration": 3,
                "state": "passed",
                "speed": "fast",
                "pass": true,
                "fail": false,
                "pending": false,
                "code": "testValidTemplate(valid);",
                "err": {},
                "isRoot": false,
                "uuid": "4c40a613-9f2d-4ddf-ac01-3940e147c116",
                "isHook": false,
                "skipped": false
              },
              {
                "title": "var a = `//www.google.cn/a/b/c/file.json`;",
                "fullTitle": "assert-hostname valid var a = `//www.google.cn/a/b/c/file.json`;",
                "timedOut": false,
                "duration": 1,
                "state": "passed",
                "speed": "fast",
                "pass": true,
                "fail": false,
                "pending": false,
                "code": "testValidTemplate(valid);",
                "err": {},
                "isRoot": false,
                "uuid": "f82f562e-00c8-4cb7-ac7d-bf4668e41b26",
                "isHook": false,
                "skipped": false
              },
              {
                "title": "var a = '//www.google.cn/a/b/c/file.json#afdefgs';",
                "fullTitle": "assert-hostname valid var a = '//www.google.cn/a/b/c/file.json#afdefgs';",
                "timedOut": false,
                "duration": 1,
                "state": "passed",
                "speed": "fast",
                "pass": true,
                "fail": false,
                "pending": false,
                "code": "testValidTemplate(valid);",
                "err": {},
                "isRoot": false,
                "uuid": "0da9fc30-2156-471f-8a2d-b598980d9da1",
                "isHook": false,
                "skipped": false
              },
              {
                "title": "var a = `//www.google.cn/a/b/c/file.json#afdefgs`;",
                "fullTitle": "assert-hostname valid var a = `//www.google.cn/a/b/c/file.json#afdefgs`;",
                "timedOut": false,
                "duration": 2,
                "state": "passed",
                "speed": "fast",
                "pass": true,
                "fail": false,
                "pending": false,
                "code": "testValidTemplate(valid);",
                "err": {},
                "isRoot": false,
                "uuid": "fc7e5331-b026-4590-9b92-17bdd0d1aa72",
                "isHook": false,
                "skipped": false
              },
              {
                "title": "var a = '//www.google.cn/a/b/c/file.json?xfdefg';",
                "fullTitle": "assert-hostname valid var a = '//www.google.cn/a/b/c/file.json?xfdefg';",
                "timedOut": false,
                "duration": 1,
                "state": "passed",
                "speed": "fast",
                "pass": true,
                "fail": false,
                "pending": false,
                "code": "testValidTemplate(valid);",
                "err": {},
                "isRoot": false,
                "uuid": "054b0ff2-ee1e-4396-823b-f469f3df48b2",
                "isHook": false,
                "skipped": false
              },
              {
                "title": "var a = `//www.google.cn/a/b/c/file.json?xfdefg`;",
                "fullTitle": "assert-hostname valid var a = `//www.google.cn/a/b/c/file.json?xfdefg`;",
                "timedOut": false,
                "duration": 5,
                "state": "passed",
                "speed": "fast",
                "pass": true,
                "fail": false,
                "pending": false,
                "code": "testValidTemplate(valid);",
                "err": {},
                "isRoot": false,
                "uuid": "f678e758-f903-44d1-9162-17950cea9599",
                "isHook": false,
                "skipped": false
              },
              {
                "title": "var a = 'http://www.google.com/a/b/c/file.gif';",
                "fullTitle": "assert-hostname valid var a = 'http://www.google.com/a/b/c/file.gif';",
                "timedOut": false,
                "duration": 2,
                "state": "passed",
                "speed": "fast",
                "pass": true,
                "fail": false,
                "pending": false,
                "code": "testValidTemplate(valid);",
                "err": {},
                "isRoot": false,
                "uuid": "641e8e2d-4f2a-4acd-a755-0543adf286ab",
                "isHook": false,
                "skipped": false
              },
              {
                "title": "var a = `http://www.google.com/a/b/c/file.gif`;",
                "fullTitle": "assert-hostname valid var a = `http://www.google.com/a/b/c/file.gif`;",
                "timedOut": false,
                "duration": 2,
                "state": "passed",
                "speed": "fast",
                "pass": true,
                "fail": false,
                "pending": false,
                "code": "testValidTemplate(valid);",
                "err": {},
                "isRoot": false,
                "uuid": "543a2b92-994b-4f3c-99da-baaec6287f66",
                "isHook": false,
                "skipped": false
              },
              {
                "title": "var a = 'http://www.google.com/a/b/c/file.gif#afdefgs';",
                "fullTitle": "assert-hostname valid var a = 'http://www.google.com/a/b/c/file.gif#afdefgs';",
                "timedOut": false,
                "duration": 1,
                "state": "passed",
                "speed": "fast",
                "pass": true,
                "fail": false,
                "pending": false,
                "code": "testValidTemplate(valid);",
                "err": {},
                "isRoot": false,
                "uuid": "6d43a7f8-5099-4407-9499-c8238365f9ae",
                "isHook": false,
                "skipped": false
              },
              {
                "title": "var a = `http://www.google.com/a/b/c/file.gif#afdefgs`;",
                "fullTitle": "assert-hostname valid var a = `http://www.google.com/a/b/c/file.gif#afdefgs`;",
                "timedOut": false,
                "duration": 1,
                "state": "passed",
                "speed": "fast",
                "pass": true,
                "fail": false,
                "pending": false,
                "code": "testValidTemplate(valid);",
                "err": {},
                "isRoot": false,
                "uuid": "32bbf27f-fffe-4993-95e9-a356bb7f983a",
                "isHook": false,
                "skipped": false
              },
              {
                "title": "var a = 'http://www.google.com/a/b/c/file.gif?xfdefg';",
                "fullTitle": "assert-hostname valid var a = 'http://www.google.com/a/b/c/file.gif?xfdefg';",
                "timedOut": false,
                "duration": 1,
                "state": "passed",
                "speed": "fast",
                "pass": true,
                "fail": false,
                "pending": false,
                "code": "testValidTemplate(valid);",
                "err": {},
                "isRoot": false,
                "uuid": "9027dc12-0649-47d0-9019-471aaea62b4c",
                "isHook": false,
                "skipped": false
              },
              {
                "title": "var a = `http://www.google.com/a/b/c/file.gif?xfdefg`;",
                "fullTitle": "assert-hostname valid var a = `http://www.google.com/a/b/c/file.gif?xfdefg`;",
                "timedOut": false,
                "duration": 1,
                "state": "passed",
                "speed": "fast",
                "pass": true,
                "fail": false,
                "pending": false,
                "code": "testValidTemplate(valid);",
                "err": {},
                "isRoot": false,
                "uuid": "19b331f6-05f1-46ab-80e4-0f79f6cbc693",
                "isHook": false,
                "skipped": false
              },
              {
                "title": "var a = 'http://www.google.com/a/b/c/file.png';",
                "fullTitle": "assert-hostname valid var a = 'http://www.google.com/a/b/c/file.png';",
                "timedOut": false,
                "duration": 1,
                "state": "passed",
                "speed": "fast",
                "pass": true,
                "fail": false,
                "pending": false,
                "code": "testValidTemplate(valid);",
                "err": {},
                "isRoot": false,
                "uuid": "ec1f1da3-38ca-470c-935e-b26901108898",
                "isHook": false,
                "skipped": false
              },
              {
                "title": "var a = `http://www.google.com/a/b/c/file.png`;",
                "fullTitle": "assert-hostname valid var a = `http://www.google.com/a/b/c/file.png`;",
                "timedOut": false,
                "duration": 1,
                "state": "passed",
                "speed": "fast",
                "pass": true,
                "fail": false,
                "pending": false,
                "code": "testValidTemplate(valid);",
                "err": {},
                "isRoot": false,
                "uuid": "5c95651a-bd1b-4db2-b02d-1f238c8c0ce3",
                "isHook": false,
                "skipped": false
              },
              {
                "title": "var a = 'http://www.google.com/a/b/c/file.png#afdefgs';",
                "fullTitle": "assert-hostname valid var a = 'http://www.google.com/a/b/c/file.png#afdefgs';",
                "timedOut": false,
                "duration": 1,
                "state": "passed",
                "speed": "fast",
                "pass": true,
                "fail": false,
                "pending": false,
                "code": "testValidTemplate(valid);",
                "err": {},
                "isRoot": false,
                "uuid": "e1e86c3e-d5a3-4ff4-9ffc-0422bb45ff8c",
                "isHook": false,
                "skipped": false
              },
              {
                "title": "var a = `http://www.google.com/a/b/c/file.png#afdefgs`;",
                "fullTitle": "assert-hostname valid var a = `http://www.google.com/a/b/c/file.png#afdefgs`;",
                "timedOut": false,
                "duration": 2,
                "state": "passed",
                "speed": "fast",
                "pass": true,
                "fail": false,
                "pending": false,
                "code": "testValidTemplate(valid);",
                "err": {},
                "isRoot": false,
                "uuid": "40dbe124-62ef-437e-9c14-d5a2fad4db60",
                "isHook": false,
                "skipped": false
              },
              {
                "title": "var a = 'http://www.google.com/a/b/c/file.png?xfdefg';",
                "fullTitle": "assert-hostname valid var a = 'http://www.google.com/a/b/c/file.png?xfdefg';",
                "timedOut": false,
                "duration": 2,
                "state": "passed",
                "speed": "fast",
                "pass": true,
                "fail": false,
                "pending": false,
                "code": "testValidTemplate(valid);",
                "err": {},
                "isRoot": false,
                "uuid": "608887ee-da81-43fc-8eda-5d024b6adafb",
                "isHook": false,
                "skipped": false
              },
              {
                "title": "var a = `http://www.google.com/a/b/c/file.png?xfdefg`;",
                "fullTitle": "assert-hostname valid var a = `http://www.google.com/a/b/c/file.png?xfdefg`;",
                "timedOut": false,
                "duration": 2,
                "state": "passed",
                "speed": "fast",
                "pass": true,
                "fail": false,
                "pending": false,
                "code": "testValidTemplate(valid);",
                "err": {},
                "isRoot": false,
                "uuid": "a3fcff7a-9cb7-4fe3-a2a8-972365d1ca43",
                "isHook": false,
                "skipped": false
              },
              {
                "title": "var a = 'http://www.google.com/a/b/c/file.jpg';",
                "fullTitle": "assert-hostname valid var a = 'http://www.google.com/a/b/c/file.jpg';",
                "timedOut": false,
                "duration": 1,
                "state": "passed",
                "speed": "fast",
                "pass": true,
                "fail": false,
                "pending": false,
                "code": "testValidTemplate(valid);",
                "err": {},
                "isRoot": false,
                "uuid": "d4ae4be3-faf4-4de9-8451-217c92940f3d",
                "isHook": false,
                "skipped": false
              },
              {
                "title": "var a = `http://www.google.com/a/b/c/file.jpg`;",
                "fullTitle": "assert-hostname valid var a = `http://www.google.com/a/b/c/file.jpg`;",
                "timedOut": false,
                "duration": 2,
                "state": "passed",
                "speed": "fast",
                "pass": true,
                "fail": false,
                "pending": false,
                "code": "testValidTemplate(valid);",
                "err": {},
                "isRoot": false,
                "uuid": "bcac5752-7ab5-45f0-9ad6-d7df8b6358f7",
                "isHook": false,
                "skipped": false
              },
              {
                "title": "var a = 'http://www.google.com/a/b/c/file.jpg#afdefgs';",
                "fullTitle": "assert-hostname valid var a = 'http://www.google.com/a/b/c/file.jpg#afdefgs';",
                "timedOut": false,
                "duration": 2,
                "state": "passed",
                "speed": "fast",
                "pass": true,
                "fail": false,
                "pending": false,
                "code": "testValidTemplate(valid);",
                "err": {},
                "isRoot": false,
                "uuid": "c64e9519-8ebd-4297-a9c8-e7bf91cdc5b6",
                "isHook": false,
                "skipped": false
              },
              {
                "title": "var a = `http://www.google.com/a/b/c/file.jpg#afdefgs`;",
                "fullTitle": "assert-hostname valid var a = `http://www.google.com/a/b/c/file.jpg#afdefgs`;",
                "timedOut": false,
                "duration": 2,
                "state": "passed",
                "speed": "fast",
                "pass": true,
                "fail": false,
                "pending": false,
                "code": "testValidTemplate(valid);",
                "err": {},
                "isRoot": false,
                "uuid": "c5014e51-e1c2-4a23-8d8a-4160f1f6fa5e",
                "isHook": false,
                "skipped": false
              },
              {
                "title": "var a = 'http://www.google.com/a/b/c/file.jpg?xfdefg';",
                "fullTitle": "assert-hostname valid var a = 'http://www.google.com/a/b/c/file.jpg?xfdefg';",
                "timedOut": false,
                "duration": 2,
                "state": "passed",
                "speed": "fast",
                "pass": true,
                "fail": false,
                "pending": false,
                "code": "testValidTemplate(valid);",
                "err": {},
                "isRoot": false,
                "uuid": "d9e714d9-df78-4e51-b3e6-6d6ffe84fb65",
                "isHook": false,
                "skipped": false
              },
              {
                "title": "var a = `http://www.google.com/a/b/c/file.jpg?xfdefg`;",
                "fullTitle": "assert-hostname valid var a = `http://www.google.com/a/b/c/file.jpg?xfdefg`;",
                "timedOut": false,
                "duration": 2,
                "state": "passed",
                "speed": "fast",
                "pass": true,
                "fail": false,
                "pending": false,
                "code": "testValidTemplate(valid);",
                "err": {},
                "isRoot": false,
                "uuid": "83267262-864b-4345-b076-8362c551eb62",
                "isHook": false,
                "skipped": false
              },
              {
                "title": "var a = 'http://www.google.com/a/b/c/file.jpeg';",
                "fullTitle": "assert-hostname valid var a = 'http://www.google.com/a/b/c/file.jpeg';",
                "timedOut": false,
                "duration": 2,
                "state": "passed",
                "speed": "fast",
                "pass": true,
                "fail": false,
                "pending": false,
                "code": "testValidTemplate(valid);",
                "err": {},
                "isRoot": false,
                "uuid": "4f0c0015-17ed-418b-9bbe-9840dd41c6b1",
                "isHook": false,
                "skipped": false
              },
              {
[...]
              "558252fe-dc31-44a5-8806-bfeb6d401b26",
              "7cd63513-0f35-433b-a770-0dbe1d2d7930",
              "2b88ddc0-a551-48a2-9d9d-5dba2a91fe05",
              "ecacda5d-5b4c-48d2-90ce-918ff99c885f",
              "8fa0d37a-6f9e-4120-90f5-ce0118ef3fff",
              "bb82eff1-d431-44ec-978b-d9c2a9ff765d",
              "2feeddb1-39ca-4b94-b4d3-ca5817d01564",
              "cccf49ba-a948-4440-998f-d7eff680998f",
              "8536ddf2-d6f2-4989-beec-7eb5d1006e58",
              "c7d9848e-3f3f-43ef-9c07-81ed18b76687",
              "00ab8be6-a4c0-4127-8dea-895e65b8ce14",
              "6c2ef022-3ee7-4af6-a1ab-1e7291756efd",
              "691e10b1-9f46-4551-900a-a0161e066836",
              "403a167b-2074-4e87-9203-f4e8dcd4c3db",
              "120cc079-ff40-4509-a006-faa1bc681e31",
              "e68fb5e7-842e-4d36-971a-4e9dd7457c44",
              "8278fca6-dfbb-4418-80aa-729e28871bad",
              "342ae9e4-5bbf-4fb1-b64a-4c44cfad5070",
              "62cccdfc-fe81-4e9a-94e1-ca27128b7a8a",
              "32648cf5-b6e4-430e-9e64-4cb7401a8163",
              "c43bc4e3-5f76-48b2-a21e-2a3c0bdb87a2",
              "9000e4aa-1dad-48bc-8bb7-419df5fc3730",
              "e003679f-9824-4a28-99b5-324c611fa0b5",
              "b95b8fcb-2c0e-49c4-9a2a-881db74eae5d",
              "0ed4846f-0937-49ba-b75e-636a77e6838e",
              "a55bfe95-a04e-4238-989d-e4166babe577",
              "db37680e-e6a4-436e-a490-7ed7b4905f24",
              "f4223fde-8e1a-43d9-b3e0-18a569eef11f",
              "219b8405-5797-4bc3-9cb0-d91aa801b48d",
              "49942f8c-e004-41f0-9d85-a88a9f719226",
              "7665c61b-709a-46cc-8124-eb7e448b0927",
              "6246d11b-e14b-4515-bc78-d2f7d22bff9f",
              "ce9dee75-2218-4008-baad-816a21556e48",
              "befc765c-9702-494b-bc38-b438265aec3f",
              "8e7af551-c110-4088-b47d-191e4d983836",
              "84b9cda9-e604-4292-bb14-911b2ce44383",
              "9829907b-6016-4d4e-8f8a-f497c08a5be1",
              "a7a19752-aa83-4d47-b764-bd21ce52dc99",
              "0976fced-69ab-4fe4-90e2-531c7402ba41",
              "8c9a55c1-46b2-4ced-9314-fdeda667222a",
              "191a7618-0d0e-4799-bb91-f221c7170593",
              "96d57c28-a002-4e1a-810c-74d1e2ee0afe",
              "aea5e52c-4842-4942-8914-1cde8a48f2f4",
              "09d39635-67ab-4274-b857-7ce8887e0202",
              "da72fc0d-9600-4117-b04c-4da2e066690d",
              "0ea41ba2-6e1c-467f-942d-632404c62541",
              "b898d1eb-da37-4248-923f-13e769c6efe0",
              "16658aa5-a283-42cb-998e-c3fe92b5ae98",
              "114fc110-3b54-4122-bfcc-44710e165dee",
              "a1f24650-cd7c-456d-b43b-459126b6b4c3",
              "1baf2420-8ab0-498d-938d-1673a210b46e",
              "fdb57f33-1d49-4ac9-98a8-1e998e6f027b",
              "9083b4ce-12c2-49b7-a71b-f68dc25febb8",
              "b8b7c527-d89f-43f6-8174-252e3b9b5c7c",
              "0e75fa26-730c-4853-a3bc-0a50cbb13745",
              "53e60491-15be-4164-b30c-8de4f75e19f8",
              "17971e6d-91a5-4844-9a71-bb5c590807e2",
              "df39cad5-0c86-415b-8521-6d3a85e08593",
              "99eb720d-a8d0-45ab-ac9c-46cb6376bc5f",
              "6d8b009c-d507-4f80-a6f4-2b17e0c12ad6",
              "1e66a61f-4f60-4dd8-9c99-1739204516a4",
              "ba9e9796-a56c-41b7-a85d-bd3185993d4e",
              "c4129900-37b6-442a-95ec-f46f343ff437",
              "7f440d85-582d-492b-ac25-cb97c8110546",
              "a375e201-2de6-4387-9868-38b2cf2f4856",
              "20f6ca9c-055d-41a2-87b6-df1805ff52bd",
              "7b6dfe9a-438c-42d6-91e4-d4aa4a7adc0f",
              "5837a597-f259-403c-869a-a8d2313b33f1",
              "215aff39-a78b-4e3c-b541-5a6881b603dc",
              "bb282f02-b30b-44b9-a95c-ea820d0b5296",
              "84e1c8dd-438f-40ee-8dc0-9de88125cb88",
              "5cec9dad-ca47-41eb-ba4e-351e23b095ad",
              "64b2ed2d-8e46-4d51-9ff8-a56e5aa323dc",
              "ebaad31a-d04b-4c29-9ac3-e984769ecb61",
              "ab620d5e-2474-43b1-8f50-79fb005feeb4",
              "d6587634-9c9c-4241-8708-7dacbe483b0f",
              "803b0128-7a00-4aee-aad9-1f6bb3e957ab",
              "24c45b2f-1a5c-469c-be85-8436f2f2dea9",
              "c1cd5832-425f-4041-b9c9-53d59c391e6c",
              "ba69c0bb-d473-4319-bd11-74d24068fdd1",
              "598c6f21-bd5c-4e36-96ff-c733e549f19a",
              "ece2850b-4538-4178-ad63-4ee65e8c9e2a",
              "5361e141-e29d-4318-81ef-3b8667087106",
              "2c00c0c3-351c-4ac1-89e8-f3c624314bfc",
              "d8b34ef6-9b31-4d8e-950d-e1140138e582",
              "852bb4ec-9537-429c-9ae8-46e750933ae5",
              "951f8940-4cbb-4c42-96e6-eca5d0cdc6dd",
              "acaafebb-f7d7-4dd8-9584-e17bdc4378c1",
              "efe6f4ad-c268-4bd6-ba60-bb7acb3b467f",
              "3cd9253f-4e91-4357-be8d-0142c0c37753",
              "d71287c4-714b-4584-b9cb-86021331271d",
              "2b28c7bc-d038-498b-bb37-e8396add915f",
              "7208f4ee-46a3-4927-ad84-a24f8cc29857",
              "6c3bfac4-e7f1-4f03-bfa4-4f37f2c69d8c",
              "d2a9e402-77c0-47f0-8991-3b378ba4819d",
              "bc41554a-4f13-466d-aa3f-0c379cf64cc6",
              "b5aa68ef-4474-48c3-bf43-99b3676ccffb",
              "197587ce-3a4d-4578-8b75-9c69229d5874",
              "dbdd451c-40b9-4a31-a2ec-66edcdf31d0d",
              "a91bafcf-3bbd-4e6b-922c-377c22dc0a72",
              "8d3880c5-d313-4f34-b051-017fe3947944"
            ],
            "failures": [],
            "pending": [],
            "skipped": [],
            "duration": 1043,
            "root": false,
            "rootEmpty": false,
            "_timeout": 2000
          },
          {
            "uuid": "3855964b-664c-405b-b471-b5b69c578e38",
            "title": "invalid",
            "fullFile": "/home/travis/build/borenXue/eslint-plugin-lucky-monkey/tests/_index.js",
            "file": "/tests/_index.js",
            "beforeHooks": [],
            "afterHooks": [],
            "tests": [
              {
                "title": "\n      <template>\n        <div>\n          <span>//wpimg.wallstcn.com/f778738c-e4f8-4870-b634-56703b4acafe.gif</span>\n        </div>\n      </template>\n    ",
                "fullTitle": "weiyi/vue-no-third-party-res invalid \n      <template>\n        <div>\n          <span>//wpimg.wallstcn.com/f778738c-e4f8-4870-b634-56703b4acafe.gif</span>\n        </div>\n      </template>\n    ",
                "timedOut": false,
                "duration": 2,
                "state": "passed",
                "speed": "fast",
                "pass": true,
                "fail": false,
                "pending": false,
                "code": "testInvalidTemplate(invalid);",
                "err": {},
                "isRoot": false,
                "uuid": "7e7eb9cf-b2af-470e-a2d0-2622eb7a816c",
                "isHook": false,
                "skipped": false
              },
              {
                "title": "\n      <template>\n        <div>\n          <img src=\"//wpimg.wallstcn.com/f778738c-e4f8-4870-b634-56703b4acafe.gif\">\n        </div>\n      </template>\n    ",
                "fullTitle": "weiyi/vue-no-third-party-res invalid \n      <template>\n        <div>\n          <img src=\"//wpimg.wallstcn.com/f778738c-e4f8-4870-b634-56703b4acafe.gif\">\n        </div>\n      </template>\n    ",
                "timedOut": false,
                "duration": 1,
                "state": "passed",
                "speed": "fast",
                "pass": true,
                "fail": false,
                "pending": false,
                "code": "testInvalidTemplate(invalid);",
                "err": {},
                "isRoot": false,
                "uuid": "b6516057-1016-4421-885d-f000388a07c9",
                "isHook": false,
                "skipped": false
              },
              {
                "title": "\n      <template>\n        <div>\n          <span>//wpimg.baidu.org/f778738c-e4f8-4870-b634-56703b4acafe.png</span>\n        </div>\n      </template>\n    ",
                "fullTitle": "weiyi/vue-no-third-party-res invalid \n      <template>\n        <div>\n          <span>//wpimg.baidu.org/f778738c-e4f8-4870-b634-56703b4acafe.png</span>\n        </div>\n      </template>\n    ",
                "timedOut": false,
                "duration": 1,
                "state": "passed",
                "speed": "fast",
                "pass": true,
                "fail": false,
                "pending": false,
                "code": "testInvalidTemplate(invalid);",
                "err": {},
                "isRoot": false,
                "uuid": "dc0fcb24-9622-444f-958b-597e10b9f2e5",
                "isHook": false,
                "skipped": false
              },
              {
                "title": "\n      <template>\n        <div>\n          <img src=\"//wpimg.baidu.org/f778738c-e4f8-4870-b634-56703b4acafe.png\">\n        </div>\n      </template>\n    ",
                "fullTitle": "weiyi/vue-no-third-party-res invalid \n      <template>\n        <div>\n          <img src=\"//wpimg.baidu.org/f778738c-e4f8-4870-b634-56703b4acafe.png\">\n        </div>\n      </template>\n    ",
                "timedOut": false,
                "duration": 2,
                "state": "passed",
                "speed": "fast",
                "pass": true,
                "fail": false,
                "pending": false,
                "code": "testInvalidTemplate(invalid);",
                "err": {},
                "isRoot": false,
                "uuid": "c51c7be1-a092-44a8-a3f0-64a6754916c5",
                "isHook": false,
                "skipped": false
              },
              {
                "title": "\n      <template>\n        <div>\n          <span>//wpimg.baidu.org/f778738c-e4f8-4870-b634-56703b4acafe.png?afefg</span>\n        </div>\n      </template>\n    ",
                "fullTitle": "weiyi/vue-no-third-party-res invalid \n      <template>\n        <div>\n          <span>//wpimg.baidu.org/f778738c-e4f8-4870-b634-56703b4acafe.png?afefg</span>\n        </div>\n      </template>\n    ",
                "timedOut": false,
                "duration": 3,
                "state": "passed",
                "speed": "fast",
                "pass": true,
                "fail": false,
                "pending": false,
                "code": "testInvalidTemplate(invalid);",
                "err": {},
                "isRoot": false,
                "uuid": "2867f88f-3735-4a7b-8c94-87a6fdc4cff7",
                "isHook": false,
                "skipped": false
              },
              {
                "title": "\n      <template>\n        <div>\n          <img src=\"//wpimg.baidu.org/f778738c-e4f8-4870-b634-56703b4acafe.png?afefg\">\n        </div>\n      </template>\n    ",
                "fullTitle": "weiyi/vue-no-third-party-res invalid \n      <template>\n        <div>\n          <img src=\"//wpimg.baidu.org/f778738c-e4f8-4870-b634-56703b4acafe.png?afefg\">\n        </div>\n      </template>\n    ",
                "timedOut": false,
                "duration": 2,
                "state": "passed",
                "speed": "fast",
                "pass": true,
                "fail": false,
                "pending": false,
                "code": "testInvalidTemplate(invalid);",
                "err": {},
                "isRoot": false,
                "uuid": "c593901d-f030-4016-aa3c-43cfa3011feb",
                "isHook": false,
                "skipped": false
              },
              {
                "title": "\n      <template>\n        <div>\n          <span>https://wpimg.baidu.org/f778738c-e4f8-4870-b634-56703b4acafe.png#defg</span>\n        </div>\n      </template>\n    ",
                "fullTitle": "weiyi/vue-no-third-party-res invalid \n      <template>\n        <div>\n          <span>https://wpimg.baidu.org/f778738c-e4f8-4870-b634-56703b4acafe.png#defg</span>\n        </div>\n      </template>\n    ",
                "timedOut": false,
                "duration": 3,
                "state": "passed",
                "speed": "fast",
                "pass": true,
                "fail": false,
                "pending": false,
                "code": "testInvalidTemplate(invalid);",
                "err": {},
                "isRoot": false,
                "uuid": "8a5b5206-06d6-4cfc-a408-f7611f270d64",
                "isHook": false,
                "skipped": false
              },
              {
                "title": "\n      <template>\n        <div>\n          <img src=\"https://wpimg.baidu.org/f778738c-e4f8-4870-b634-56703b4acafe.png#defg\">\n        </div>\n      </template>\n    ",
                "fullTitle": "weiyi/vue-no-third-party-res invalid \n      <template>\n        <div>\n          <img src=\"https://wpimg.baidu.org/f778738c-e4f8-4870-b634-56703b4acafe.png#defg\">\n        </div>\n      </template>\n    ",
                "timedOut": false,
                "duration": 3,
                "state": "passed",
                "speed": "fast",
                "pass": true,
                "fail": false,
                "pending": false,
                "code": "testInvalidTemplate(invalid);",
                "err": {},
                "isRoot": false,
                "uuid": "97a47dea-6d94-499e-aa42-2ad05d4cb834",
                "isHook": false,
                "skipped": false
              }
            ],
            "suites": [],
            "passes": [
              "7e7eb9cf-b2af-470e-a2d0-2622eb7a816c",
              "b6516057-1016-4421-885d-f000388a07c9",
              "dc0fcb24-9622-444f-958b-597e10b9f2e5",
              "c51c7be1-a092-44a8-a3f0-64a6754916c5",
              "2867f88f-3735-4a7b-8c94-87a6fdc4cff7",
              "c593901d-f030-4016-aa3c-43cfa3011feb",
              "8a5b5206-06d6-4cfc-a408-f7611f270d64",
              "97a47dea-6d94-499e-aa42-2ad05d4cb834"
            ],
            "failures": [],
            "pending": [],
            "skipped": [],
            "duration": 17,
            "root": false,
            "rootEmpty": false,
            "_timeout": 2000
          }
        ],
        "passes": [],
        "failures": [],
        "pending": [],
        "skipped": [],
        "duration": 0,
        "root": false,
        "rootEmpty": false,
        "_timeout": 2000
      },
      {
        "uuid": "e92f58f0-98dc-4eed-9ece-b4e060d5e682",
        "title": "vue-dead-protocol",
        "fullFile": "/home/travis/build/borenXue/eslint-plugin-lucky-monkey/tests/_index.js",
        "file": "/tests/_index.js",
        "beforeHooks": [],
        "afterHooks": [],
        "tests": [],
        "suites": [
          {
            "uuid": "59bd54cb-1164-4f38-8a26-7b829fe7fefd",
            "title": "valid",
            "fullFile": "/home/travis/build/borenXue/eslint-plugin-lucky-monkey/tests/_index.js",
            "file": "/tests/_index.js",
            "beforeHooks": [],
            "afterHooks": [],
            "tests": [
              {
                "title": "\n      <template>\n        <div>\n          <img src=\"//a.b.com/def.gif\">\n        </div>\n      </template>\n    ",
                "fullTitle": "vue-dead-protocol valid \n      <template>\n        <div>\n          <img src=\"//a.b.com/def.gif\">\n        </div>\n      </template>\n    ",
                "timedOut": false,
                "duration": 3,
                "state": "passed",
                "speed": "fast",
                "pass": true,
                "fail": false,
                "pending": false,
                "code": "testValidTemplate(valid);",
                "err": {},
                "isRoot": false,
                "uuid": "ae345914-b883-4a61-a3d2-fe80e63e61d0",
                "isHook": false,
                "skipped": false
              },
              {
                "title": "\n      <template>\n        <div>\n          <span>//a.b.com/def.gif</span>\n        </div>\n      </template>\n    ",
                "fullTitle": "vue-dead-protocol valid \n      <template>\n        <div>\n          <span>//a.b.com/def.gif</span>\n        </div>\n      </template>\n    ",
                "timedOut": false,
                "duration": 2,
                "state": "passed",
                "speed": "fast",
                "pass": true,
                "fail": false,
                "pending": false,
                "code": "testValidTemplate(valid);",
                "err": {},
                "isRoot": false,
                "uuid": "2859a98b-8094-4c2e-92ef-a075c7f994f4",
                "isHook": false,
                "skipped": false
              }
            ],
            "suites": [],
            "passes": [
              "ae345914-b883-4a61-a3d2-fe80e63e61d0",
              "2859a98b-8094-4c2e-92ef-a075c7f994f4"
            ],
            "failures": [],
            "pending": [],
            "skipped": [],
            "duration": 5,
            "root": false,
            "rootEmpty": false,
            "_timeout": 2000
          },
          {
            "uuid": "752a70ed-f793-4b76-a632-9c661229b4ed",
            "title": "invalid",
            "fullFile": "/home/travis/build/borenXue/eslint-plugin-lucky-monkey/tests/_index.js",
            "file": "/tests/_index.js",
            "beforeHooks": [],
            "afterHooks": [],
            "tests": [
              {
                "title": "\n          <template>\n            <div>\n              <img src=\"http://a.b.com/def.gif\">\n            </div>\n          </template>\n        ",
                "fullTitle": "vue-dead-protocol invalid \n          <template>\n            <div>\n              <img src=\"http://a.b.com/def.gif\">\n            </div>\n          </template>\n        ",
                "timedOut": false,
                "duration": 2,
                "state": "passed",
                "speed": "fast",
                "pass": true,
                "fail": false,
                "pending": false,
                "code": "testInvalidTemplate(invalid);",
                "err": {},
                "isRoot": false,
                "uuid": "e762e147-3cc7-48b3-ad32-b95e483d3c25",
                "isHook": false,
                "skipped": false
              },
              {
                "title": "\n          <template>\n            <div>\n              <span>https://a.b.com/def.gif</span>\n            </div>\n          </template>\n        ",
                "fullTitle": "vue-dead-protocol invalid \n          <template>\n            <div>\n              <span>https://a.b.com/def.gif</span>\n            </div>\n          </template>\n        ",
                "timedOut": false,
                "duration": 1,
                "state": "passed",
                "speed": "fast",
                "pass": true,
                "fail": false,
                "pending": false,
                "code": "testInvalidTemplate(invalid);",
                "err": {},
                "isRoot": false,
                "uuid": "58d7ba6f-d981-4d7d-bc60-a30eccd27e2c",
                "isHook": false,
                "skipped": false
              }
            ],
            "suites": [],
            "passes": [
              "e762e147-3cc7-48b3-ad32-b95e483d3c25",
              "58d7ba6f-d981-4d7d-bc60-a30eccd27e2c"
            ],
            "failures": [],
            "pending": [],
            "skipped": [],
            "duration": 3,
            "root": false,
            "rootEmpty": false,
            "_timeout": 2000
          }
        ],
        "passes": [],
        "failures": [],
        "pending": [],
        "skipped": [],
        "duration": 0,
        "root": false,
        "rootEmpty": false,
        "_timeout": 2000
      }
    ],
    "passes": [],
    "failures": [],
    "pending": [],
    "skipped": [],
    "duration": 0,
    "root": true,
    "rootEmpty": true,
    "_timeout": 2000
  },
  "copyrightYear": 2019
}